[2025-03-20 10:17:50Z INFO HostContext] No proxy settings were found based on environmental variables (http_proxy/https_proxy/HTTP_PROXY/HTTPS_PROXY)
[2025-03-20 10:17:50Z INFO HostContext] Well known directory 'Bin': '/Users/binit/PycharmProjects/ML_AIT_A3/pythonProject/actions-runner/bin'
[2025-03-20 10:17:50Z INFO HostContext] Well known directory 'Root': '/Users/binit/PycharmProjects/ML_AIT_A3/pythonProject/actions-runner'
[2025-03-20 10:17:50Z INFO HostContext] Well known config file 'Credentials': '/Users/binit/PycharmProjects/ML_AIT_A3/pythonProject/actions-runner/.credentials'
[2025-03-20 10:17:50Z INFO HostContext] Well known directory 'Bin': '/Users/binit/PycharmProjects/ML_AIT_A3/pythonProject/actions-runner/bin'
[2025-03-20 10:17:50Z INFO HostContext] Well known directory 'Root': '/Users/binit/PycharmProjects/ML_AIT_A3/pythonProject/actions-runner'
[2025-03-20 10:17:50Z INFO HostContext] Well known config file 'Runner': '/Users/binit/PycharmProjects/ML_AIT_A3/pythonProject/actions-runner/.runner'
[2025-03-20 10:17:50Z INFO Listener] Runner is built for OSX (Arm64) - osx-arm64.
[2025-03-20 10:17:50Z INFO Listener] RuntimeInformation: Darwin 24.3.0 Darwin Kernel Version 24.3.0: Thu Jan  2 20:24:23 PST 2025; root:xnu-11215.81.4~3/RELEASE_ARM64_T8122.
[2025-03-20 10:17:50Z INFO Listener] Version: 2.322.0
[2025-03-20 10:17:50Z INFO Listener] Commit: 0edc478ca75d0a753dcbcec7405f3f26db67b1ac
[2025-03-20 10:17:50Z INFO Listener] Culture: en-TH
[2025-03-20 10:17:50Z INFO Listener] UI Culture: en-TH
[2025-03-20 10:17:50Z INFO HostContext] Well known directory 'Bin': '/Users/binit/PycharmProjects/ML_AIT_A3/pythonProject/actions-runner/bin'
[2025-03-20 10:17:50Z INFO HostContext] Well known directory 'Root': '/Users/binit/PycharmProjects/ML_AIT_A3/pythonProject/actions-runner'
[2025-03-20 10:17:50Z INFO Listener] Validating directory permissions for: '/Users/binit/PycharmProjects/ML_AIT_A3/pythonProject/actions-runner'
[2025-03-20 10:17:50Z INFO CommandLineParser] Parse
[2025-03-20 10:17:50Z INFO CommandLineParser] Parsing 5 args
[2025-03-20 10:17:50Z INFO CommandLineParser] parsing argument
[2025-03-20 10:17:50Z INFO CommandLineParser] HasArgs: False
[2025-03-20 10:17:50Z INFO CommandLineParser] Adding Command: configure
[2025-03-20 10:17:50Z INFO CommandLineParser] parsing argument
[2025-03-20 10:17:50Z INFO CommandLineParser] HasArgs: True
[2025-03-20 10:17:50Z INFO CommandLineParser] arg: url
[2025-03-20 10:17:50Z INFO CommandLineParser] parsing argument
[2025-03-20 10:17:50Z INFO CommandLineParser] HasArgs: True
[2025-03-20 10:17:50Z INFO CommandLineParser] Adding option 'url': 'https://github.com/darth-binit/ML_AIT_A3'
[2025-03-20 10:17:50Z INFO CommandLineParser] parsing argument
[2025-03-20 10:17:50Z INFO CommandLineParser] HasArgs: True
[2025-03-20 10:17:50Z INFO CommandLineParser] arg: token
[2025-03-20 10:17:50Z INFO CommandLineParser] parsing argument
[2025-03-20 10:17:50Z INFO CommandLineParser] HasArgs: True
[2025-03-20 10:17:50Z INFO CommandLineParser] Adding option 'token': '***'
[2025-03-20 10:17:50Z INFO Listener] Arguments parsed
[2025-03-20 10:17:50Z INFO Runner] ExecuteCommand
[2025-03-20 10:17:50Z INFO ConfigurationStore] currentAssemblyLocation: /Users/binit/PycharmProjects/ML_AIT_A3/pythonProject/actions-runner/bin/Runner.Listener.dll
[2025-03-20 10:17:50Z INFO HostContext] Well known directory 'Bin': '/Users/binit/PycharmProjects/ML_AIT_A3/pythonProject/actions-runner/bin'
[2025-03-20 10:17:50Z INFO ConfigurationStore] binPath: /Users/binit/PycharmProjects/ML_AIT_A3/pythonProject/actions-runner/bin
[2025-03-20 10:17:50Z INFO HostContext] Well known directory 'Bin': '/Users/binit/PycharmProjects/ML_AIT_A3/pythonProject/actions-runner/bin'
[2025-03-20 10:17:50Z INFO HostContext] Well known directory 'Root': '/Users/binit/PycharmProjects/ML_AIT_A3/pythonProject/actions-runner'
[2025-03-20 10:17:50Z INFO ConfigurationStore] RootFolder: /Users/binit/PycharmProjects/ML_AIT_A3/pythonProject/actions-runner
[2025-03-20 10:17:50Z INFO HostContext] Well known directory 'Bin': '/Users/binit/PycharmProjects/ML_AIT_A3/pythonProject/actions-runner/bin'
[2025-03-20 10:17:50Z INFO HostContext] Well known directory 'Root': '/Users/binit/PycharmProjects/ML_AIT_A3/pythonProject/actions-runner'
[2025-03-20 10:17:50Z INFO HostContext] Well known config file 'Runner': '/Users/binit/PycharmProjects/ML_AIT_A3/pythonProject/actions-runner/.runner'
[2025-03-20 10:17:50Z INFO ConfigurationStore] ConfigFilePath: /Users/binit/PycharmProjects/ML_AIT_A3/pythonProject/actions-runner/.runner
[2025-03-20 10:17:50Z INFO HostContext] Well known directory 'Bin': '/Users/binit/PycharmProjects/ML_AIT_A3/pythonProject/actions-runner/bin'
[2025-03-20 10:17:50Z INFO HostContext] Well known directory 'Root': '/Users/binit/PycharmProjects/ML_AIT_A3/pythonProject/actions-runner'
[2025-03-20 10:17:50Z INFO HostContext] Well known config file 'Credentials': '/Users/binit/PycharmProjects/ML_AIT_A3/pythonProject/actions-runner/.credentials'
[2025-03-20 10:17:50Z INFO ConfigurationStore] CredFilePath: /Users/binit/PycharmProjects/ML_AIT_A3/pythonProject/actions-runner/.credentials
[2025-03-20 10:17:50Z INFO HostContext] Well known directory 'Bin': '/Users/binit/PycharmProjects/ML_AIT_A3/pythonProject/actions-runner/bin'
[2025-03-20 10:17:50Z INFO HostContext] Well known directory 'Root': '/Users/binit/PycharmProjects/ML_AIT_A3/pythonProject/actions-runner'
[2025-03-20 10:17:50Z INFO HostContext] Well known config file 'MigratedCredentials': '/Users/binit/PycharmProjects/ML_AIT_A3/pythonProject/actions-runner/.credentials_migrated'
[2025-03-20 10:17:50Z INFO ConfigurationStore] MigratedCredFilePath: /Users/binit/PycharmProjects/ML_AIT_A3/pythonProject/actions-runner/.credentials_migrated
[2025-03-20 10:17:50Z INFO HostContext] Well known directory 'Bin': '/Users/binit/PycharmProjects/ML_AIT_A3/pythonProject/actions-runner/bin'
[2025-03-20 10:17:50Z INFO HostContext] Well known directory 'Root': '/Users/binit/PycharmProjects/ML_AIT_A3/pythonProject/actions-runner'
[2025-03-20 10:17:50Z INFO HostContext] Well known config file 'Service': '/Users/binit/PycharmProjects/ML_AIT_A3/pythonProject/actions-runner/.service'
[2025-03-20 10:17:50Z INFO ConfigurationStore] ServiceConfigFilePath: /Users/binit/PycharmProjects/ML_AIT_A3/pythonProject/actions-runner/.service
[2025-03-20 10:17:50Z INFO CommandSettings] Flag 'help': 'False'
[2025-03-20 10:17:50Z INFO CommandSettings] Flag 'version': 'False'
[2025-03-20 10:17:50Z INFO CommandSettings] Flag 'commit': 'False'
[2025-03-20 10:17:50Z INFO CommandSettings] Flag 'check': 'False'
[2025-03-20 10:17:50Z INFO CommandSettings] Command 'configure': 'True'
[2025-03-20 10:17:50Z INFO Terminal] WRITE LINE: 
[2025-03-20 10:17:50Z INFO Terminal] WRITE LINE: --------------------------------------------------------------------------------
[2025-03-20 10:17:50Z INFO Terminal] WRITE LINE: |        ____ _ _   _   _       _          _        _   _                      |
[2025-03-20 10:17:50Z INFO Terminal] WRITE LINE: |       / ___(_) |_| | | |_   _| |__      / \   ___| |_(_) ___  _ __  ___      |
[2025-03-20 10:17:50Z INFO Terminal] WRITE LINE: |      | |  _| | __| |_| | | | | '_ \    / _ \ / __| __| |/ _ \| '_ \/ __|     |
[2025-03-20 10:17:50Z INFO Terminal] WRITE LINE: |      | |_| | | |_|  _  | |_| | |_) |  / ___ \ (__| |_| | (_) | | | \__ \     |
[2025-03-20 10:17:50Z INFO Terminal] WRITE LINE: |       \____|_|\__|_| |_|\__,_|_.__/  /_/   \_\___|\__|_|\___/|_| |_|___/     |
[2025-03-20 10:17:50Z INFO Terminal] WRITE LINE: |                                                                              |
[2025-03-20 10:17:50Z INFO Terminal] WRITE: |                       
[2025-03-20 10:17:50Z INFO Terminal] WRITE: Self-hosted runner registration
[2025-03-20 10:17:50Z INFO Terminal] WRITE LINE:                         |
[2025-03-20 10:17:50Z INFO Terminal] WRITE LINE: |                                                                              |
[2025-03-20 10:17:50Z INFO Terminal] WRITE LINE: --------------------------------------------------------------------------------
[2025-03-20 10:17:50Z INFO ConfigurationManager] ConfigureAsync
[2025-03-20 10:17:50Z INFO CommandSettings] Flag 'generateServiceConfig': 'False'
[2025-03-20 10:17:50Z INFO ConfigurationStore] IsConfigured()
[2025-03-20 10:17:50Z INFO ConfigurationStore] IsConfigured: False
[2025-03-20 10:17:50Z INFO ConfigurationManager] Is configured: False
[2025-03-20 10:17:50Z INFO CommandSettings] Arg 'url': 'https://github.com/darth-binit/ML_AIT_A3'
[2025-03-20 10:17:50Z INFO CommandSettings] Remove url from Arg dictionary.
[2025-03-20 10:17:50Z INFO CommandSettings] Arg 'token': '***'
[2025-03-20 10:17:50Z INFO CommandSettings] Remove token from Arg dictionary.
[2025-03-20 10:17:51Z INFO ConfigurationManager] Http response code: OK from 'POST https://api.github.com/actions/runner-registration' (DD1D:139E33:5B41D4:6AE944:67DBEB4E)
[2025-03-20 10:17:51Z INFO ConfigurationManager] Using V2 flow: False
[2025-03-20 10:17:51Z INFO ConfigurationManager] cred retrieved via GitHub auth
[2025-03-20 10:17:51Z INFO RunnerServer] EstablishVssConnection
[2025-03-20 10:17:51Z INFO RunnerServer] Establish connection with 100 seconds timeout.
[2025-03-20 10:17:51Z INFO GitHubActionsService] Starting operation Location.GetConnectionData
[2025-03-20 10:17:51Z INFO RunnerServer] EstablishVssConnection
[2025-03-20 10:17:51Z INFO RunnerServer] Establish connection with 60 seconds timeout.
[2025-03-20 10:17:51Z INFO GitHubActionsService] Starting operation Location.GetConnectionData
[2025-03-20 10:17:51Z INFO RunnerServer] EstablishVssConnection
[2025-03-20 10:17:51Z INFO RunnerServer] Establish connection with 60 seconds timeout.
[2025-03-20 10:17:51Z INFO GitHubActionsService] Starting operation Location.GetConnectionData
[2025-03-20 10:17:53Z INFO GitHubActionsService] Finished operation Location.GetConnectionData
[2025-03-20 10:17:53Z INFO GitHubActionsService] Finished operation Location.GetConnectionData
[2025-03-20 10:17:53Z INFO GitHubActionsService] Finished operation Location.GetConnectionData
[2025-03-20 10:17:53Z INFO Terminal] WRITE LINE: 
[2025-03-20 10:17:53Z INFO ConfigurationManager] Test Connection complete.
[2025-03-20 10:17:53Z INFO HostContext] Well known directory 'Bin': '/Users/binit/PycharmProjects/ML_AIT_A3/pythonProject/actions-runner/bin'
[2025-03-20 10:17:53Z INFO HostContext] Well known directory 'Root': '/Users/binit/PycharmProjects/ML_AIT_A3/pythonProject/actions-runner'
[2025-03-20 10:17:53Z INFO HostContext] Well known config file 'RSACredentials': '/Users/binit/PycharmProjects/ML_AIT_A3/pythonProject/actions-runner/.credentials_rsaparams'
[2025-03-20 10:17:53Z INFO RSAFileKeyManager] Creating new RSA key using 2048-bit key length
[2025-03-20 10:17:53Z INFO RSAFileKeyManager] Successfully saved RSA key parameters to file /Users/binit/PycharmProjects/ML_AIT_A3/pythonProject/actions-runner/.credentials_rsaparams
[2025-03-20 10:17:53Z INFO RSAFileKeyManager] Which2: 'chmod'
[2025-03-20 10:17:53Z INFO RSAFileKeyManager] Location: '/bin/chmod'
[2025-03-20 10:17:53Z INFO HostContext] Well known directory 'Bin': '/Users/binit/PycharmProjects/ML_AIT_A3/pythonProject/actions-runner/bin'
[2025-03-20 10:17:53Z INFO HostContext] Well known directory 'Root': '/Users/binit/PycharmProjects/ML_AIT_A3/pythonProject/actions-runner'
[2025-03-20 10:17:53Z INFO ProcessInvokerWrapper] Starting process:
[2025-03-20 10:17:53Z INFO ProcessInvokerWrapper]   File name: '/bin/chmod'
[2025-03-20 10:17:53Z INFO ProcessInvokerWrapper]   Arguments: '600 /Users/binit/PycharmProjects/ML_AIT_A3/pythonProject/actions-runner/.credentials_rsaparams'
[2025-03-20 10:17:53Z INFO ProcessInvokerWrapper]   Working directory: '/Users/binit/PycharmProjects/ML_AIT_A3/pythonProject/actions-runner'
[2025-03-20 10:17:53Z INFO ProcessInvokerWrapper]   Require exit code zero: 'False'
[2025-03-20 10:17:53Z INFO ProcessInvokerWrapper]   Encoding web name:  ; code page: ''
[2025-03-20 10:17:53Z INFO ProcessInvokerWrapper]   Force kill process on cancellation: 'False'
[2025-03-20 10:17:53Z INFO ProcessInvokerWrapper]   Redirected STDIN: 'False'
[2025-03-20 10:17:53Z INFO ProcessInvokerWrapper]   Persist current code page: 'False'
[2025-03-20 10:17:53Z INFO ProcessInvokerWrapper]   Keep redirected STDIN open: 'False'
[2025-03-20 10:17:53Z INFO ProcessInvokerWrapper]   High priority process: 'False'
[2025-03-20 10:17:53Z INFO ProcessInvokerWrapper] Process started with process id 47649, waiting for process exit.
[2025-03-20 10:17:53Z INFO ProcessInvokerWrapper] STDOUT/STDERR stream read finished.
[2025-03-20 10:17:53Z INFO ProcessInvokerWrapper] STDOUT/STDERR stream read finished.
[2025-03-20 10:17:53Z INFO ProcessInvokerWrapper] Finished process 47649 with exit code 0, and elapsed time 00:00:00.0130719.
[2025-03-20 10:17:53Z INFO RSAFileKeyManager] Successfully set permissions for RSA key parameters file /Users/binit/PycharmProjects/ML_AIT_A3/pythonProject/actions-runner/.credentials_rsaparams
[2025-03-20 10:17:53Z INFO CommandSettings] Arg 'runnergroup': ''
[2025-03-20 10:17:53Z INFO CommandSettings] Flag 'unattended': 'False'
[2025-03-20 10:17:53Z INFO PromptManager] ReadValue
[2025-03-20 10:17:53Z INFO Terminal] WRITE: Enter the name of the runner group to add this runner to: 
[2025-03-20 10:17:53Z INFO Terminal] WRITE: [press Enter for Default] 
[2025-03-20 10:17:53Z INFO Terminal] READ LINE
[2025-03-20 10:19:11Z INFO Terminal] Read value: ''
[2025-03-20 10:19:11Z INFO PromptManager] Falling back to the default: 'Default'
[2025-03-20 10:19:11Z INFO Terminal] WRITE LINE: 
[2025-03-20 10:19:11Z INFO ConfigurationManager] Found a self-hosted runner group with id 1 and name Default
[2025-03-20 10:19:11Z INFO CommandSettings] Flag 'disableupdate': 'False'
[2025-03-20 10:19:11Z INFO CommandSettings] Flag 'ephemeral': 'False'
[2025-03-20 10:19:11Z INFO CommandSettings] Arg 'name': ''
[2025-03-20 10:19:11Z INFO CommandSettings] Flag 'unattended': 'False'
[2025-03-20 10:19:11Z INFO PromptManager] ReadValue
[2025-03-20 10:19:11Z INFO Terminal] WRITE: Enter the name of runner: 
[2025-03-20 10:19:11Z INFO Terminal] WRITE: [press Enter for binits-MacBook-Air] 
[2025-03-20 10:19:11Z INFO Terminal] READ LINE
[2025-03-20 10:19:28Z INFO Terminal] Read value: 'binit'
[2025-03-20 10:19:28Z INFO Terminal] WRITE LINE: 
[2025-03-20 10:19:28Z INFO CommandSettings] Arg 'labels': ''
[2025-03-20 10:19:28Z INFO CommandSettings] Flag 'unattended': 'False'
[2025-03-20 10:19:28Z INFO PromptManager] ReadValue
[2025-03-20 10:19:28Z INFO Terminal] WRITE: This runner will have the following labels: 'self-hosted', 'macOS', 'ARM64' 
Enter any additional labels (ex. label-1,label-2): 
[2025-03-20 10:19:28Z INFO Terminal] WRITE: [press Enter to skip] 
[2025-03-20 10:19:28Z INFO Terminal] READ LINE
[2025-03-20 10:19:36Z INFO Terminal] Read value: ''
[2025-03-20 10:19:36Z INFO Terminal] WRITE LINE: 
[2025-03-20 10:19:38Z INFO CommandSettings] Flag 'disableupdate': 'False'
[2025-03-20 10:19:38Z INFO CommandSettings] Flag 'no-default-labels': 'False'
[2025-03-20 10:19:38Z INFO CommandSettings] Flag 'disableupdate': 'False'
[2025-03-20 10:19:38Z INFO CommandSettings] Flag 'ephemeral': 'False'
[2025-03-20 10:19:38Z INFO ConfigurationStore] Saving OAuth credential @ /Users/binit/PycharmProjects/ML_AIT_A3/pythonProject/actions-runner/.credentials
[2025-03-20 10:19:38Z INFO ConfigurationStore] Credentials Saved.
[2025-03-20 10:19:38Z INFO ConfigurationStore] HasCredentials()
[2025-03-20 10:19:38Z INFO ConfigurationStore] stored True
[2025-03-20 10:19:38Z INFO CredentialManager] GetCredentialProvider
[2025-03-20 10:19:38Z INFO CredentialManager] Creating type OAuth
[2025-03-20 10:19:38Z INFO CredentialManager] Creating credential type: OAuth
[2025-03-20 10:19:38Z INFO RSAFileKeyManager] Loading RSA key parameters from file /Users/binit/PycharmProjects/ML_AIT_A3/pythonProject/actions-runner/.credentials_rsaparams
[2025-03-20 10:19:38Z INFO RunnerServer] EstablishVssConnection
[2025-03-20 10:19:38Z INFO RunnerServer] Establish connection with 100 seconds timeout.
[2025-03-20 10:19:38Z INFO GitHubActionsService] Starting operation Location.GetConnectionData
[2025-03-20 10:19:38Z INFO RunnerServer] EstablishVssConnection
[2025-03-20 10:19:38Z INFO RunnerServer] Establish connection with 60 seconds timeout.
[2025-03-20 10:19:38Z INFO GitHubActionsService] Starting operation Location.GetConnectionData
[2025-03-20 10:19:38Z INFO RunnerServer] EstablishVssConnection
[2025-03-20 10:19:38Z INFO RunnerServer] Establish connection with 60 seconds timeout.
[2025-03-20 10:19:38Z INFO GitHubActionsService] Starting operation Location.GetConnectionData
[2025-03-20 10:19:39Z INFO GitHubActionsService] Finished operation Location.GetConnectionData
[2025-03-20 10:19:39Z INFO GitHubActionsService] Finished operation Location.GetConnectionData
[2025-03-20 10:19:39Z INFO GitHubActionsService] Finished operation Location.GetConnectionData
[2025-03-20 10:19:40Z INFO RSAFileKeyManager] Loading RSA key parameters from file /Users/binit/PycharmProjects/ML_AIT_A3/pythonProject/actions-runner/.credentials_rsaparams
[2025-03-20 10:19:40Z INFO RSAFileKeyManager] Loading RSA key parameters from file /Users/binit/PycharmProjects/ML_AIT_A3/pythonProject/actions-runner/.credentials_rsaparams
[2025-03-20 10:19:41Z INFO GitHubActionsService] AAD Correlation ID for this token request: Unknown
[2025-03-20 10:19:41Z INFO CommandSettings] Arg 'work': ''
[2025-03-20 10:19:41Z INFO CommandSettings] Flag 'unattended': 'False'
[2025-03-20 10:19:41Z INFO PromptManager] ReadValue
[2025-03-20 10:19:41Z INFO Terminal] WRITE: Enter name of work folder: 
[2025-03-20 10:19:41Z INFO Terminal] WRITE: [press Enter for _work] 
[2025-03-20 10:19:41Z INFO Terminal] READ LINE
[2025-03-20 10:20:38Z INFO Terminal] Read value: 'ML_AIT_A3_runner'
[2025-03-20 10:20:38Z INFO ConfigurationStore] Saving runner settings.
[2025-03-20 10:20:38Z INFO ConfigurationStore] Settings Saved.
[2025-03-20 10:20:38Z INFO Terminal] WRITE LINE: 
[2025-03-20 10:20:38Z INFO Terminal] WRITE LINE: 
[2025-03-20 10:20:38Z INFO OsxServiceControlManager] Service name 'actions.runner.darth-binit-ML_AIT_A3.binit' display name 'GitHub Actions Runner (darth-binit-ML_AIT_A3.binit)' will be used for service configuration.
[2025-03-20 10:20:38Z INFO HostContext] Well known directory 'Bin': '/Users/binit/PycharmProjects/ML_AIT_A3/pythonProject/actions-runner/bin'
[2025-03-20 10:20:38Z INFO HostContext] Well known directory 'Root': '/Users/binit/PycharmProjects/ML_AIT_A3/pythonProject/actions-runner'
[2025-03-20 10:20:38Z INFO HostContext] Well known directory 'Bin': '/Users/binit/PycharmProjects/ML_AIT_A3/pythonProject/actions-runner/bin'
[2025-03-20 10:20:38Z INFO HostContext] Well known directory 'Bin': '/Users/binit/PycharmProjects/ML_AIT_A3/pythonProject/actions-runner/bin'
[2025-03-20 10:20:38Z INFO HostContext] Well known directory 'Root': '/Users/binit/PycharmProjects/ML_AIT_A3/pythonProject/actions-runner'
[2025-03-20 10:20:38Z INFO UnixUtil] Which2: 'chmod'
[2025-03-20 10:20:38Z INFO UnixUtil] Location: '/bin/chmod'
[2025-03-20 10:20:38Z INFO UnixUtil] Running /bin/chmod 755 "/Users/binit/PycharmProjects/ML_AIT_A3/pythonProject/actions-runner/svc.sh"
[2025-03-20 10:20:38Z INFO ProcessInvokerWrapper] Starting process:
[2025-03-20 10:20:38Z INFO ProcessInvokerWrapper]   File name: '/bin/chmod'
[2025-03-20 10:20:38Z INFO ProcessInvokerWrapper]   Arguments: '755 "/Users/binit/PycharmProjects/ML_AIT_A3/pythonProject/actions-runner/svc.sh"'
[2025-03-20 10:20:38Z INFO ProcessInvokerWrapper]   Working directory: '/Users/binit/PycharmProjects/ML_AIT_A3/pythonProject/actions-runner'
[2025-03-20 10:20:38Z INFO ProcessInvokerWrapper]   Require exit code zero: 'True'
[2025-03-20 10:20:38Z INFO ProcessInvokerWrapper]   Encoding web name:  ; code page: ''
[2025-03-20 10:20:38Z INFO ProcessInvokerWrapper]   Force kill process on cancellation: 'False'
[2025-03-20 10:20:38Z INFO ProcessInvokerWrapper]   Redirected STDIN: 'False'
[2025-03-20 10:20:38Z INFO ProcessInvokerWrapper]   Persist current code page: 'False'
[2025-03-20 10:20:38Z INFO ProcessInvokerWrapper]   Keep redirected STDIN open: 'False'
[2025-03-20 10:20:38Z INFO ProcessInvokerWrapper]   High priority process: 'False'
[2025-03-20 10:20:38Z INFO ProcessInvokerWrapper] Process started with process id 47667, waiting for process exit.
[2025-03-20 10:20:38Z INFO ProcessInvokerWrapper] STDOUT/STDERR stream read finished.
[2025-03-20 10:20:38Z INFO ProcessInvokerWrapper] STDOUT/STDERR stream read finished.
[2025-03-20 10:20:38Z INFO ProcessInvokerWrapper] Finished process 47667 with exit code 0, and elapsed time 00:00:00.0154692.
[2025-03-20 10:20:38Z INFO Listener] Runner execution has finished with return code 0
