[2025-03-20 10:22:39Z INFO HostContext] No proxy settings were found based on environmental variables (http_proxy/https_proxy/HTTP_PROXY/HTTPS_PROXY)
[2025-03-20 10:22:39Z INFO HostContext] Well known directory 'Bin': '/Users/binit/PycharmProjects/ML_AIT_A3/pythonProject/actions-runner/bin'
[2025-03-20 10:22:39Z INFO HostContext] Well known directory 'Root': '/Users/binit/PycharmProjects/ML_AIT_A3/pythonProject/actions-runner'
[2025-03-20 10:22:39Z INFO HostContext] Well known config file 'Credentials': '/Users/binit/PycharmProjects/ML_AIT_A3/pythonProject/actions-runner/.credentials'
[2025-03-20 10:22:39Z INFO HostContext] Well known directory 'Bin': '/Users/binit/PycharmProjects/ML_AIT_A3/pythonProject/actions-runner/bin'
[2025-03-20 10:22:39Z INFO HostContext] Well known directory 'Root': '/Users/binit/PycharmProjects/ML_AIT_A3/pythonProject/actions-runner'
[2025-03-20 10:22:39Z INFO HostContext] Well known config file 'Runner': '/Users/binit/PycharmProjects/ML_AIT_A3/pythonProject/actions-runner/.runner'
[2025-03-20 10:22:39Z INFO Listener] Runner is built for OSX (Arm64) - osx-arm64.
[2025-03-20 10:22:39Z INFO Listener] RuntimeInformation: Darwin 24.3.0 Darwin Kernel Version 24.3.0: Thu Jan  2 20:24:23 PST 2025; root:xnu-11215.81.4~3/RELEASE_ARM64_T8122.
[2025-03-20 10:22:39Z INFO Listener] Version: 2.322.0
[2025-03-20 10:22:39Z INFO Listener] Commit: 0edc478ca75d0a753dcbcec7405f3f26db67b1ac
[2025-03-20 10:22:39Z INFO Listener] Culture: en-TH
[2025-03-20 10:22:39Z INFO Listener] UI Culture: en-TH
[2025-03-20 10:22:39Z INFO HostContext] Well known directory 'Bin': '/Users/binit/PycharmProjects/ML_AIT_A3/pythonProject/actions-runner/bin'
[2025-03-20 10:22:39Z INFO HostContext] Well known directory 'Root': '/Users/binit/PycharmProjects/ML_AIT_A3/pythonProject/actions-runner'
[2025-03-20 10:22:39Z INFO Listener] Validating directory permissions for: '/Users/binit/PycharmProjects/ML_AIT_A3/pythonProject/actions-runner'
[2025-03-20 10:22:39Z INFO CommandLineParser] Parse
[2025-03-20 10:22:39Z INFO CommandLineParser] Parsing 1 args
[2025-03-20 10:22:39Z INFO CommandLineParser] parsing argument
[2025-03-20 10:22:39Z INFO CommandLineParser] HasArgs: False
[2025-03-20 10:22:39Z INFO CommandLineParser] Adding Command: run
[2025-03-20 10:22:39Z INFO Listener] Arguments parsed
[2025-03-20 10:22:39Z INFO Runner] ExecuteCommand
[2025-03-20 10:22:39Z INFO ConfigurationStore] currentAssemblyLocation: /Users/binit/PycharmProjects/ML_AIT_A3/pythonProject/actions-runner/bin/Runner.Listener.dll
[2025-03-20 10:22:39Z INFO HostContext] Well known directory 'Bin': '/Users/binit/PycharmProjects/ML_AIT_A3/pythonProject/actions-runner/bin'
[2025-03-20 10:22:39Z INFO ConfigurationStore] binPath: /Users/binit/PycharmProjects/ML_AIT_A3/pythonProject/actions-runner/bin
[2025-03-20 10:22:39Z INFO HostContext] Well known directory 'Bin': '/Users/binit/PycharmProjects/ML_AIT_A3/pythonProject/actions-runner/bin'
[2025-03-20 10:22:39Z INFO HostContext] Well known directory 'Root': '/Users/binit/PycharmProjects/ML_AIT_A3/pythonProject/actions-runner'
[2025-03-20 10:22:39Z INFO ConfigurationStore] RootFolder: /Users/binit/PycharmProjects/ML_AIT_A3/pythonProject/actions-runner
[2025-03-20 10:22:39Z INFO HostContext] Well known directory 'Bin': '/Users/binit/PycharmProjects/ML_AIT_A3/pythonProject/actions-runner/bin'
[2025-03-20 10:22:39Z INFO HostContext] Well known directory 'Root': '/Users/binit/PycharmProjects/ML_AIT_A3/pythonProject/actions-runner'
[2025-03-20 10:22:39Z INFO HostContext] Well known config file 'Runner': '/Users/binit/PycharmProjects/ML_AIT_A3/pythonProject/actions-runner/.runner'
[2025-03-20 10:22:39Z INFO ConfigurationStore] ConfigFilePath: /Users/binit/PycharmProjects/ML_AIT_A3/pythonProject/actions-runner/.runner
[2025-03-20 10:22:39Z INFO HostContext] Well known directory 'Bin': '/Users/binit/PycharmProjects/ML_AIT_A3/pythonProject/actions-runner/bin'
[2025-03-20 10:22:39Z INFO HostContext] Well known directory 'Root': '/Users/binit/PycharmProjects/ML_AIT_A3/pythonProject/actions-runner'
[2025-03-20 10:22:39Z INFO HostContext] Well known config file 'Credentials': '/Users/binit/PycharmProjects/ML_AIT_A3/pythonProject/actions-runner/.credentials'
[2025-03-20 10:22:39Z INFO ConfigurationStore] CredFilePath: /Users/binit/PycharmProjects/ML_AIT_A3/pythonProject/actions-runner/.credentials
[2025-03-20 10:22:39Z INFO HostContext] Well known directory 'Bin': '/Users/binit/PycharmProjects/ML_AIT_A3/pythonProject/actions-runner/bin'
[2025-03-20 10:22:39Z INFO HostContext] Well known directory 'Root': '/Users/binit/PycharmProjects/ML_AIT_A3/pythonProject/actions-runner'
[2025-03-20 10:22:39Z INFO HostContext] Well known config file 'MigratedCredentials': '/Users/binit/PycharmProjects/ML_AIT_A3/pythonProject/actions-runner/.credentials_migrated'
[2025-03-20 10:22:39Z INFO ConfigurationStore] MigratedCredFilePath: /Users/binit/PycharmProjects/ML_AIT_A3/pythonProject/actions-runner/.credentials_migrated
[2025-03-20 10:22:39Z INFO HostContext] Well known directory 'Bin': '/Users/binit/PycharmProjects/ML_AIT_A3/pythonProject/actions-runner/bin'
[2025-03-20 10:22:39Z INFO HostContext] Well known directory 'Root': '/Users/binit/PycharmProjects/ML_AIT_A3/pythonProject/actions-runner'
[2025-03-20 10:22:39Z INFO HostContext] Well known config file 'Service': '/Users/binit/PycharmProjects/ML_AIT_A3/pythonProject/actions-runner/.service'
[2025-03-20 10:22:39Z INFO ConfigurationStore] ServiceConfigFilePath: /Users/binit/PycharmProjects/ML_AIT_A3/pythonProject/actions-runner/.service
[2025-03-20 10:22:39Z INFO CommandSettings] Flag 'help': 'False'
[2025-03-20 10:22:39Z INFO CommandSettings] Flag 'version': 'False'
[2025-03-20 10:22:39Z INFO CommandSettings] Flag 'commit': 'False'
[2025-03-20 10:22:39Z INFO CommandSettings] Flag 'check': 'False'
[2025-03-20 10:22:39Z INFO CommandSettings] Command 'configure': 'False'
[2025-03-20 10:22:39Z INFO CommandSettings] Command 'remove': 'False'
[2025-03-20 10:22:39Z INFO CommandSettings] Command 'warmup': 'False'
[2025-03-20 10:22:39Z INFO ConfigurationManager] LoadSettings
[2025-03-20 10:22:39Z INFO ConfigurationStore] IsConfigured()
[2025-03-20 10:22:39Z INFO ConfigurationStore] IsConfigured: True
[2025-03-20 10:22:39Z INFO ConfigurationManager] Is configured: True
[2025-03-20 10:22:39Z INFO ConfigurationStore] Read setting file: 304 chars
[2025-03-20 10:22:39Z INFO ConfigurationManager] Settings Loaded
[2025-03-20 10:22:39Z INFO ConfigurationStore] IsServiceConfigured()
[2025-03-20 10:22:39Z INFO ConfigurationStore] IsServiceConfigured: False
[2025-03-20 10:22:39Z INFO CommandSettings] Command 'run': 'True'
[2025-03-20 10:22:39Z INFO ConfigurationStore] IsConfigured()
[2025-03-20 10:22:39Z INFO ConfigurationStore] IsConfigured: True
[2025-03-20 10:22:39Z INFO ConfigurationManager] Is configured: True
[2025-03-20 10:22:39Z INFO Runner] Could not parse the argument value '' for StartupType. Defaulting to Manual
[2025-03-20 10:22:39Z INFO Runner] Set runner startup type - Manual
[2025-03-20 10:22:39Z INFO CommandSettings] Flag 'once': 'False'
[2025-03-20 10:22:39Z INFO CommandSettings] Flag 'once': 'False'
[2025-03-20 10:22:39Z INFO Runner] RunAsync
[2025-03-20 10:22:39Z INFO ConfigurationManager] LoadSettings
[2025-03-20 10:22:39Z INFO ConfigurationStore] IsConfigured()
[2025-03-20 10:22:39Z INFO ConfigurationStore] IsConfigured: True
[2025-03-20 10:22:39Z INFO ConfigurationManager] Is configured: True
[2025-03-20 10:22:39Z INFO ConfigurationManager] Settings Loaded
[2025-03-20 10:22:39Z INFO MessageListener] {
  "AgentId": 21,
  "AgentName": "binit",
  "PoolId": 1,
  "PoolName": "Default",
  "ServerUrl": "https://pipelinesghubeus6.actions.githubusercontent.com/A0sfKHF0Vohh0fp9oDQ25ZO2JVouMs5Pqg8hY492EOyJDqOSA2/",
  "GitHubUrl": "https://github.com/darth-binit/ML_AIT_A3",
  "WorkFolder": "ML_AIT_A3_runner"
}
[2025-03-20 10:22:39Z INFO MessageListener] Loading Credentials
[2025-03-20 10:22:39Z INFO ConfigurationStore] HasCredentials()
[2025-03-20 10:22:39Z INFO ConfigurationStore] stored True
[2025-03-20 10:22:39Z INFO CredentialManager] GetCredentialProvider
[2025-03-20 10:22:39Z INFO CredentialManager] Creating type OAuth
[2025-03-20 10:22:39Z INFO CredentialManager] Creating credential type: OAuth
[2025-03-20 10:22:39Z INFO HostContext] Well known directory 'Bin': '/Users/binit/PycharmProjects/ML_AIT_A3/pythonProject/actions-runner/bin'
[2025-03-20 10:22:39Z INFO HostContext] Well known directory 'Root': '/Users/binit/PycharmProjects/ML_AIT_A3/pythonProject/actions-runner'
[2025-03-20 10:22:39Z INFO HostContext] Well known config file 'RSACredentials': '/Users/binit/PycharmProjects/ML_AIT_A3/pythonProject/actions-runner/.credentials_rsaparams'
[2025-03-20 10:22:39Z INFO RSAFileKeyManager] Loading RSA key parameters from file /Users/binit/PycharmProjects/ML_AIT_A3/pythonProject/actions-runner/.credentials_rsaparams
[2025-03-20 10:22:39Z INFO MessageListener] Attempt to create session.
[2025-03-20 10:22:39Z INFO MessageListener] Connecting to the Runner Server...
[2025-03-20 10:22:39Z INFO RunnerServer] EstablishVssConnection
[2025-03-20 10:22:39Z INFO RunnerServer] Establish connection with 100 seconds timeout.
[2025-03-20 10:22:40Z INFO GitHubActionsService] Starting operation Location.GetConnectionData
[2025-03-20 10:22:40Z INFO RunnerServer] EstablishVssConnection
[2025-03-20 10:22:40Z INFO RunnerServer] Establish connection with 60 seconds timeout.
[2025-03-20 10:22:40Z INFO GitHubActionsService] Starting operation Location.GetConnectionData
[2025-03-20 10:22:40Z INFO RunnerServer] EstablishVssConnection
[2025-03-20 10:22:40Z INFO RunnerServer] Establish connection with 60 seconds timeout.
[2025-03-20 10:22:40Z INFO GitHubActionsService] Starting operation Location.GetConnectionData
[2025-03-20 10:22:41Z INFO GitHubActionsService] Finished operation Location.GetConnectionData
[2025-03-20 10:22:41Z INFO GitHubActionsService] Finished operation Location.GetConnectionData
[2025-03-20 10:22:41Z INFO GitHubActionsService] Finished operation Location.GetConnectionData
[2025-03-20 10:22:41Z INFO MessageListener] VssConnection created
[2025-03-20 10:22:41Z INFO Terminal] WRITE LINE: 
[2025-03-20 10:22:41Z INFO Terminal] WRITE LINE: 
[2025-03-20 10:22:41Z INFO RSAFileKeyManager] Loading RSA key parameters from file /Users/binit/PycharmProjects/ML_AIT_A3/pythonProject/actions-runner/.credentials_rsaparams
[2025-03-20 10:22:41Z INFO RSAFileKeyManager] Loading RSA key parameters from file /Users/binit/PycharmProjects/ML_AIT_A3/pythonProject/actions-runner/.credentials_rsaparams
[2025-03-20 10:22:43Z INFO GitHubActionsService] AAD Correlation ID for this token request: Unknown
[2025-03-20 10:22:43Z INFO MessageListener] Session created.
[2025-03-20 10:22:43Z INFO Terminal] WRITE LINE: Current runner version: '2.322.0'
[2025-03-20 10:22:43Z INFO Terminal] WRITE LINE: 2025-03-20 10:22:43Z: Listening for Jobs
[2025-03-20 10:22:43Z INFO JobDispatcher] Set runner/worker IPC timeout to 30 seconds.
[2025-03-20 10:22:43Z INFO RSAFileKeyManager] Loading RSA key parameters from file /Users/binit/PycharmProjects/ML_AIT_A3/pythonProject/actions-runner/.credentials_rsaparams
[2025-03-20 10:22:44Z INFO GitHubActionsService] AAD Correlation ID for this token request: Unknown
[2025-03-20 10:26:31Z INFO MessageListener] Message '2616539477219300627' received from session '99398efd-bd14-4c08-be58-f4c0b4d24fea'.
[2025-03-20 10:26:31Z INFO ConfigurationStore] HasCredentials()
[2025-03-20 10:26:31Z INFO ConfigurationStore] stored True
[2025-03-20 10:26:31Z INFO CredentialManager] GetCredentialProvider
[2025-03-20 10:26:31Z INFO CredentialManager] Creating type OAuth
[2025-03-20 10:26:31Z INFO CredentialManager] Creating credential type: OAuth
[2025-03-20 10:26:31Z INFO RSAFileKeyManager] Loading RSA key parameters from file /Users/binit/PycharmProjects/ML_AIT_A3/pythonProject/actions-runner/.credentials_rsaparams
[2025-03-20 10:26:31Z INFO RSAFileKeyManager] Loading RSA key parameters from file /Users/binit/PycharmProjects/ML_AIT_A3/pythonProject/actions-runner/.credentials_rsaparams
[2025-03-20 10:26:31Z INFO RSAFileKeyManager] Loading RSA key parameters from file /Users/binit/PycharmProjects/ML_AIT_A3/pythonProject/actions-runner/.credentials_rsaparams
[2025-03-20 10:26:32Z INFO GitHubActionsService] AAD Correlation ID for this token request: Unknown
[2025-03-20 10:26:34Z INFO JobDispatcher] Job request 0 for plan e2d573e5-e64b-41aa-b920-7da185450c80 job 0e235342-691e-5716-bfa8-5296ee676b09 received.
[2025-03-20 10:26:34Z INFO MessageListener] Received job status event. JobState: Busy
[2025-03-20 10:26:34Z INFO MessageListener] _getMessagesTokenSource is already disposed.
[2025-03-20 10:26:34Z INFO Terminal] WRITE LINE: 2025-03-20 10:26:34Z: Running job: deploy
[2025-03-20 10:26:34Z INFO JobDispatcher] Start renew job request 0 for job 0e235342-691e-5716-bfa8-5296ee676b09.
[2025-03-20 10:26:36Z INFO JobDispatcher] Successfully renew job 0e235342-691e-5716-bfa8-5296ee676b09, job is valid till 20/3/2568 พ.ศ. 10:36:36
[2025-03-20 10:26:36Z INFO HostContext] Well known directory 'Bin': '/Users/binit/PycharmProjects/ML_AIT_A3/pythonProject/actions-runner/bin'
[2025-03-20 10:26:36Z INFO ProcessInvokerWrapper] Starting process:
[2025-03-20 10:26:36Z INFO ProcessInvokerWrapper]   File name: '/Users/binit/PycharmProjects/ML_AIT_A3/pythonProject/actions-runner/bin/Runner.Worker'
[2025-03-20 10:26:36Z INFO ProcessInvokerWrapper]   Arguments: 'spawnclient 150 153'
[2025-03-20 10:26:36Z INFO ProcessInvokerWrapper]   Working directory: '/Users/binit/PycharmProjects/ML_AIT_A3/pythonProject/actions-runner/bin'
[2025-03-20 10:26:36Z INFO ProcessInvokerWrapper]   Require exit code zero: 'False'
[2025-03-20 10:26:36Z INFO ProcessInvokerWrapper]   Encoding web name:  ; code page: ''
[2025-03-20 10:26:36Z INFO ProcessInvokerWrapper]   Force kill process on cancellation: 'True'
[2025-03-20 10:26:36Z INFO ProcessInvokerWrapper]   Redirected STDIN: 'False'
[2025-03-20 10:26:36Z INFO ProcessInvokerWrapper]   Persist current code page: 'False'
[2025-03-20 10:26:36Z INFO ProcessInvokerWrapper]   Keep redirected STDIN open: 'False'
[2025-03-20 10:26:36Z INFO ProcessInvokerWrapper]   High priority process: 'True'
[2025-03-20 10:26:36Z INFO ProcessInvokerWrapper] Process started with process id 47777, waiting for process exit.
[2025-03-20 10:26:36Z INFO JobDispatcher] Send job request message to worker for job 0e235342-691e-5716-bfa8-5296ee676b09.
[2025-03-20 10:26:36Z INFO ProcessChannel] Sending message of length 18542, with hash 'c25076a910d23593a8c6f32b6ebf246d031c1d846527b7992554469a14f5b9cb'
[2025-03-20 10:26:36Z INFO JobNotification] Entering JobStarted Notification
[2025-03-20 10:26:36Z INFO JobNotification] Entering StartMonitor
[2025-03-20 10:27:36Z INFO JobDispatcher] Successfully renew job 0e235342-691e-5716-bfa8-5296ee676b09, job is valid till 20/3/2568 พ.ศ. 10:37:36
[2025-03-20 10:28:36Z INFO JobDispatcher] Successfully renew job 0e235342-691e-5716-bfa8-5296ee676b09, job is valid till 20/3/2568 พ.ศ. 10:38:36
[2025-03-20 10:29:37Z INFO JobDispatcher] Successfully renew job 0e235342-691e-5716-bfa8-5296ee676b09, job is valid till 20/3/2568 พ.ศ. 10:39:37
[2025-03-20 10:30:37Z INFO JobDispatcher] Successfully renew job 0e235342-691e-5716-bfa8-5296ee676b09, job is valid till 20/3/2568 พ.ศ. 10:40:37
[2025-03-20 10:31:37Z INFO JobDispatcher] Successfully renew job 0e235342-691e-5716-bfa8-5296ee676b09, job is valid till 20/3/2568 พ.ศ. 10:41:37
[2025-03-20 10:31:45Z INFO ProcessInvokerWrapper] STDOUT/STDERR stream read finished.
[2025-03-20 10:31:45Z INFO ProcessInvokerWrapper] STDOUT/STDERR stream read finished.
[2025-03-20 10:31:45Z INFO ProcessInvokerWrapper] Finished process 47777 with exit code 102, and elapsed time 00:05:09.4756419.
[2025-03-20 10:31:45Z INFO JobDispatcher] Worker finished for job 0e235342-691e-5716-bfa8-5296ee676b09. Code: 102
[2025-03-20 10:31:45Z INFO JobDispatcher] finish job request for job 0e235342-691e-5716-bfa8-5296ee676b09 with result: Failed
[2025-03-20 10:31:45Z INFO Terminal] WRITE LINE: 2025-03-20 10:31:45Z: Job deploy completed with result: Failed
[2025-03-20 10:31:45Z INFO JobDispatcher] Stop renew job request for job 0e235342-691e-5716-bfa8-5296ee676b09.
[2025-03-20 10:31:45Z INFO JobDispatcher] job renew has been cancelled, stop renew job 0e235342-691e-5716-bfa8-5296ee676b09.
[2025-03-20 10:31:45Z INFO JobNotification] Entering JobCompleted Notification
[2025-03-20 10:31:45Z INFO JobNotification] Entering EndMonitor
[2025-03-20 10:31:45Z INFO MessageListener] Received job status event. JobState: Online
[2025-03-20 10:37:28Z INFO MessageListener] Message '4698428449753033979' received from session '99398efd-bd14-4c08-be58-f4c0b4d24fea'.
[2025-03-20 10:37:28Z INFO ConfigurationStore] HasCredentials()
[2025-03-20 10:37:28Z INFO ConfigurationStore] stored True
[2025-03-20 10:37:28Z INFO CredentialManager] GetCredentialProvider
[2025-03-20 10:37:28Z INFO CredentialManager] Creating type OAuth
[2025-03-20 10:37:28Z INFO CredentialManager] Creating credential type: OAuth
[2025-03-20 10:37:28Z INFO RSAFileKeyManager] Loading RSA key parameters from file /Users/binit/PycharmProjects/ML_AIT_A3/pythonProject/actions-runner/.credentials_rsaparams
[2025-03-20 10:37:28Z INFO RSAFileKeyManager] Loading RSA key parameters from file /Users/binit/PycharmProjects/ML_AIT_A3/pythonProject/actions-runner/.credentials_rsaparams
[2025-03-20 10:37:28Z INFO RSAFileKeyManager] Loading RSA key parameters from file /Users/binit/PycharmProjects/ML_AIT_A3/pythonProject/actions-runner/.credentials_rsaparams
[2025-03-20 10:37:29Z INFO GitHubActionsService] AAD Correlation ID for this token request: Unknown
[2025-03-20 10:37:31Z INFO JobDispatcher] Job request 0 for plan 6d4ece0c-9925-4266-b448-8154d43adb9b job e328e7cb-e031-5cf8-8154-b3ebc0271cf0 received.
[2025-03-20 10:37:31Z INFO MessageListener] Received job status event. JobState: Busy
[2025-03-20 10:37:31Z INFO MessageListener] _getMessagesTokenSource is already disposed.
[2025-03-20 10:37:31Z INFO JobDispatcher] Job request 0e235342-691e-5716-bfa8-5296ee676b09 processed succeed.
[2025-03-20 10:37:31Z INFO Terminal] WRITE LINE: 2025-03-20 10:37:31Z: Running job: deploy
[2025-03-20 10:37:31Z INFO JobDispatcher] Start renew job request 0 for job e328e7cb-e031-5cf8-8154-b3ebc0271cf0.
[2025-03-20 10:37:33Z INFO JobDispatcher] Successfully renew job e328e7cb-e031-5cf8-8154-b3ebc0271cf0, job is valid till 20/3/2568 พ.ศ. 10:47:32
[2025-03-20 10:37:33Z INFO HostContext] Well known directory 'Bin': '/Users/binit/PycharmProjects/ML_AIT_A3/pythonProject/actions-runner/bin'
[2025-03-20 10:37:33Z INFO ProcessInvokerWrapper] Starting process:
[2025-03-20 10:37:33Z INFO ProcessInvokerWrapper]   File name: '/Users/binit/PycharmProjects/ML_AIT_A3/pythonProject/actions-runner/bin/Runner.Worker'
[2025-03-20 10:37:33Z INFO ProcessInvokerWrapper]   Arguments: 'spawnclient 150 153'
[2025-03-20 10:37:33Z INFO ProcessInvokerWrapper]   Working directory: '/Users/binit/PycharmProjects/ML_AIT_A3/pythonProject/actions-runner/bin'
[2025-03-20 10:37:33Z INFO ProcessInvokerWrapper]   Require exit code zero: 'False'
[2025-03-20 10:37:33Z INFO ProcessInvokerWrapper]   Encoding web name:  ; code page: ''
[2025-03-20 10:37:33Z INFO ProcessInvokerWrapper]   Force kill process on cancellation: 'True'
[2025-03-20 10:37:33Z INFO ProcessInvokerWrapper]   Redirected STDIN: 'False'
[2025-03-20 10:37:33Z INFO ProcessInvokerWrapper]   Persist current code page: 'False'
[2025-03-20 10:37:33Z INFO ProcessInvokerWrapper]   Keep redirected STDIN open: 'False'
[2025-03-20 10:37:33Z INFO ProcessInvokerWrapper]   High priority process: 'True'
[2025-03-20 10:37:33Z INFO ProcessInvokerWrapper] Process started with process id 48621, waiting for process exit.
[2025-03-20 10:37:33Z INFO JobDispatcher] Send job request message to worker for job e328e7cb-e031-5cf8-8154-b3ebc0271cf0.
[2025-03-20 10:37:33Z INFO ProcessChannel] Sending message of length 18554, with hash '1a7335e175988fccd2067c4e7421320da15b4ab32b30a8e229f20fa930d1cddc'
[2025-03-20 10:37:33Z INFO JobNotification] Entering JobStarted Notification
[2025-03-20 10:37:33Z INFO JobNotification] Entering StartMonitor
[2025-03-20 10:37:47Z INFO ProcessInvokerWrapper] STDOUT/STDERR stream read finished.
[2025-03-20 10:37:47Z INFO ProcessInvokerWrapper] STDOUT/STDERR stream read finished.
[2025-03-20 10:37:47Z INFO ProcessInvokerWrapper] Finished process 48621 with exit code 100, and elapsed time 00:00:14.5428215.
[2025-03-20 10:37:47Z INFO JobDispatcher] Worker finished for job e328e7cb-e031-5cf8-8154-b3ebc0271cf0. Code: 100
[2025-03-20 10:37:47Z INFO JobDispatcher] finish job request for job e328e7cb-e031-5cf8-8154-b3ebc0271cf0 with result: Succeeded
[2025-03-20 10:37:47Z INFO Terminal] WRITE LINE: 2025-03-20 10:37:47Z: Job deploy completed with result: Succeeded
[2025-03-20 10:37:47Z INFO JobDispatcher] Stop renew job request for job e328e7cb-e031-5cf8-8154-b3ebc0271cf0.
[2025-03-20 10:37:47Z INFO JobDispatcher] job renew has been cancelled, stop renew job e328e7cb-e031-5cf8-8154-b3ebc0271cf0.
[2025-03-20 10:37:47Z INFO JobNotification] Entering JobCompleted Notification
[2025-03-20 10:37:47Z INFO JobNotification] Entering EndMonitor
[2025-03-20 10:37:47Z INFO MessageListener] Received job status event. JobState: Online
[2025-03-20 10:53:32Z INFO MessageListener] Message '5319185696653806590' received from session '99398efd-bd14-4c08-be58-f4c0b4d24fea'.
[2025-03-20 10:53:32Z INFO ConfigurationStore] HasCredentials()
[2025-03-20 10:53:32Z INFO ConfigurationStore] stored True
[2025-03-20 10:53:32Z INFO CredentialManager] GetCredentialProvider
[2025-03-20 10:53:32Z INFO CredentialManager] Creating type OAuth
[2025-03-20 10:53:32Z INFO CredentialManager] Creating credential type: OAuth
[2025-03-20 10:53:32Z INFO RSAFileKeyManager] Loading RSA key parameters from file /Users/binit/PycharmProjects/ML_AIT_A3/pythonProject/actions-runner/.credentials_rsaparams
[2025-03-20 10:53:32Z INFO RSAFileKeyManager] Loading RSA key parameters from file /Users/binit/PycharmProjects/ML_AIT_A3/pythonProject/actions-runner/.credentials_rsaparams
[2025-03-20 10:53:32Z INFO RSAFileKeyManager] Loading RSA key parameters from file /Users/binit/PycharmProjects/ML_AIT_A3/pythonProject/actions-runner/.credentials_rsaparams
[2025-03-20 10:53:33Z INFO GitHubActionsService] AAD Correlation ID for this token request: Unknown
[2025-03-20 10:53:35Z INFO JobDispatcher] Job request 0 for plan 29bca173-7c24-4431-a60a-b9b9feb79c13 job d6d335f5-5797-509a-b5ed-558d0d37f239 received.
[2025-03-20 10:53:35Z INFO MessageListener] Received job status event. JobState: Busy
[2025-03-20 10:53:35Z INFO MessageListener] _getMessagesTokenSource is already disposed.
[2025-03-20 10:53:35Z INFO JobDispatcher] Job request e328e7cb-e031-5cf8-8154-b3ebc0271cf0 processed succeed.
[2025-03-20 10:53:35Z INFO Terminal] WRITE LINE: 2025-03-20 10:53:35Z: Running job: deploy
[2025-03-20 10:53:35Z INFO JobDispatcher] Start renew job request 0 for job d6d335f5-5797-509a-b5ed-558d0d37f239.
[2025-03-20 10:53:37Z INFO JobDispatcher] Successfully renew job d6d335f5-5797-509a-b5ed-558d0d37f239, job is valid till 20/3/2568 พ.ศ. 11:03:36
[2025-03-20 10:53:37Z INFO HostContext] Well known directory 'Bin': '/Users/binit/PycharmProjects/ML_AIT_A3/pythonProject/actions-runner/bin'
[2025-03-20 10:53:37Z INFO ProcessInvokerWrapper] Starting process:
[2025-03-20 10:53:37Z INFO ProcessInvokerWrapper]   File name: '/Users/binit/PycharmProjects/ML_AIT_A3/pythonProject/actions-runner/bin/Runner.Worker'
[2025-03-20 10:53:37Z INFO ProcessInvokerWrapper]   Arguments: 'spawnclient 150 153'
[2025-03-20 10:53:37Z INFO ProcessInvokerWrapper]   Working directory: '/Users/binit/PycharmProjects/ML_AIT_A3/pythonProject/actions-runner/bin'
[2025-03-20 10:53:37Z INFO ProcessInvokerWrapper]   Require exit code zero: 'False'
[2025-03-20 10:53:37Z INFO ProcessInvokerWrapper]   Encoding web name:  ; code page: ''
[2025-03-20 10:53:37Z INFO ProcessInvokerWrapper]   Force kill process on cancellation: 'True'
[2025-03-20 10:53:37Z INFO ProcessInvokerWrapper]   Redirected STDIN: 'False'
[2025-03-20 10:53:37Z INFO ProcessInvokerWrapper]   Persist current code page: 'False'
[2025-03-20 10:53:37Z INFO ProcessInvokerWrapper]   Keep redirected STDIN open: 'False'
[2025-03-20 10:53:37Z INFO ProcessInvokerWrapper]   High priority process: 'True'
[2025-03-20 10:53:37Z INFO ProcessInvokerWrapper] Process started with process id 49102, waiting for process exit.
[2025-03-20 10:53:37Z INFO JobDispatcher] Send job request message to worker for job d6d335f5-5797-509a-b5ed-558d0d37f239.
[2025-03-20 10:53:37Z INFO ProcessChannel] Sending message of length 18438, with hash '18b17d3f68fae6eeb2a0b273cbb6124e0f133b7610184c6471f44f9e3fd68abc'
[2025-03-20 10:53:37Z INFO JobNotification] Entering JobStarted Notification
[2025-03-20 10:53:37Z INFO JobNotification] Entering StartMonitor
[2025-03-20 10:53:52Z INFO ProcessInvokerWrapper] STDOUT/STDERR stream read finished.
[2025-03-20 10:53:52Z INFO ProcessInvokerWrapper] STDOUT/STDERR stream read finished.
[2025-03-20 10:53:52Z INFO ProcessInvokerWrapper] Finished process 49102 with exit code 100, and elapsed time 00:00:15.2559557.
[2025-03-20 10:53:52Z INFO JobDispatcher] Worker finished for job d6d335f5-5797-509a-b5ed-558d0d37f239. Code: 100
[2025-03-20 10:53:52Z INFO JobDispatcher] finish job request for job d6d335f5-5797-509a-b5ed-558d0d37f239 with result: Succeeded
[2025-03-20 10:53:52Z INFO Terminal] WRITE LINE: 2025-03-20 10:53:52Z: Job deploy completed with result: Succeeded
[2025-03-20 10:53:52Z INFO JobDispatcher] Stop renew job request for job d6d335f5-5797-509a-b5ed-558d0d37f239.
[2025-03-20 10:53:52Z INFO JobDispatcher] job renew has been cancelled, stop renew job d6d335f5-5797-509a-b5ed-558d0d37f239.
[2025-03-20 10:53:52Z INFO JobNotification] Entering JobCompleted Notification
[2025-03-20 10:53:52Z INFO JobNotification] Entering EndMonitor
[2025-03-20 10:53:52Z INFO MessageListener] Received job status event. JobState: Online
[2025-03-20 10:54:51Z INFO MessageListener] Message '223991353734780454' received from session '99398efd-bd14-4c08-be58-f4c0b4d24fea'.
[2025-03-20 10:54:51Z INFO ConfigurationStore] HasCredentials()
[2025-03-20 10:54:51Z INFO ConfigurationStore] stored True
[2025-03-20 10:54:51Z INFO CredentialManager] GetCredentialProvider
[2025-03-20 10:54:51Z INFO CredentialManager] Creating type OAuth
[2025-03-20 10:54:51Z INFO CredentialManager] Creating credential type: OAuth
[2025-03-20 10:54:51Z INFO RSAFileKeyManager] Loading RSA key parameters from file /Users/binit/PycharmProjects/ML_AIT_A3/pythonProject/actions-runner/.credentials_rsaparams
[2025-03-20 10:54:51Z INFO RSAFileKeyManager] Loading RSA key parameters from file /Users/binit/PycharmProjects/ML_AIT_A3/pythonProject/actions-runner/.credentials_rsaparams
[2025-03-20 10:54:51Z INFO RSAFileKeyManager] Loading RSA key parameters from file /Users/binit/PycharmProjects/ML_AIT_A3/pythonProject/actions-runner/.credentials_rsaparams
[2025-03-20 10:54:52Z INFO GitHubActionsService] AAD Correlation ID for this token request: Unknown
[2025-03-20 10:54:54Z INFO JobDispatcher] Job request 0 for plan f1269859-0e43-401e-bc4f-e838fdbf88ae job e379d84e-8adc-5fa2-994d-6a5c9746c0c1 received.
[2025-03-20 10:54:54Z INFO MessageListener] Received job status event. JobState: Busy
[2025-03-20 10:54:54Z INFO MessageListener] _getMessagesTokenSource is already disposed.
[2025-03-20 10:54:54Z INFO JobDispatcher] Job request d6d335f5-5797-509a-b5ed-558d0d37f239 processed succeed.
[2025-03-20 10:54:54Z INFO Terminal] WRITE LINE: 2025-03-20 10:54:54Z: Running job: deploy
[2025-03-20 10:54:54Z INFO JobDispatcher] Start renew job request 0 for job e379d84e-8adc-5fa2-994d-6a5c9746c0c1.
[2025-03-20 10:54:56Z INFO JobDispatcher] Successfully renew job e379d84e-8adc-5fa2-994d-6a5c9746c0c1, job is valid till 20/3/2568 พ.ศ. 11:04:56
[2025-03-20 10:54:56Z INFO HostContext] Well known directory 'Bin': '/Users/binit/PycharmProjects/ML_AIT_A3/pythonProject/actions-runner/bin'
[2025-03-20 10:54:56Z INFO ProcessInvokerWrapper] Starting process:
[2025-03-20 10:54:56Z INFO ProcessInvokerWrapper]   File name: '/Users/binit/PycharmProjects/ML_AIT_A3/pythonProject/actions-runner/bin/Runner.Worker'
[2025-03-20 10:54:56Z INFO ProcessInvokerWrapper]   Arguments: 'spawnclient 150 153'
[2025-03-20 10:54:56Z INFO ProcessInvokerWrapper]   Working directory: '/Users/binit/PycharmProjects/ML_AIT_A3/pythonProject/actions-runner/bin'
[2025-03-20 10:54:56Z INFO ProcessInvokerWrapper]   Require exit code zero: 'False'
[2025-03-20 10:54:56Z INFO ProcessInvokerWrapper]   Encoding web name:  ; code page: ''
[2025-03-20 10:54:56Z INFO ProcessInvokerWrapper]   Force kill process on cancellation: 'True'
[2025-03-20 10:54:56Z INFO ProcessInvokerWrapper]   Redirected STDIN: 'False'
[2025-03-20 10:54:56Z INFO ProcessInvokerWrapper]   Persist current code page: 'False'
[2025-03-20 10:54:56Z INFO ProcessInvokerWrapper]   Keep redirected STDIN open: 'False'
[2025-03-20 10:54:56Z INFO ProcessInvokerWrapper]   High priority process: 'True'
[2025-03-20 10:54:56Z INFO ProcessInvokerWrapper] Process started with process id 49376, waiting for process exit.
[2025-03-20 10:54:56Z INFO JobDispatcher] Send job request message to worker for job e379d84e-8adc-5fa2-994d-6a5c9746c0c1.
[2025-03-20 10:54:56Z INFO ProcessChannel] Sending message of length 18438, with hash 'e40377f2c2df69ac093bfd3149286274119cc0aebec4d10c8c23cb8ddb6c6f34'
[2025-03-20 10:54:56Z INFO JobNotification] Entering JobStarted Notification
[2025-03-20 10:54:56Z INFO JobNotification] Entering StartMonitor
[2025-03-20 10:55:10Z INFO ProcessInvokerWrapper] STDOUT/STDERR stream read finished.
[2025-03-20 10:55:10Z INFO ProcessInvokerWrapper] STDOUT/STDERR stream read finished.
[2025-03-20 10:55:10Z INFO ProcessInvokerWrapper] Finished process 49376 with exit code 100, and elapsed time 00:00:14.2571948.
[2025-03-20 10:55:10Z INFO JobDispatcher] Worker finished for job e379d84e-8adc-5fa2-994d-6a5c9746c0c1. Code: 100
[2025-03-20 10:55:10Z INFO JobDispatcher] finish job request for job e379d84e-8adc-5fa2-994d-6a5c9746c0c1 with result: Succeeded
[2025-03-20 10:55:10Z INFO Terminal] WRITE LINE: 2025-03-20 10:55:10Z: Job deploy completed with result: Succeeded
[2025-03-20 10:55:10Z INFO JobDispatcher] Stop renew job request for job e379d84e-8adc-5fa2-994d-6a5c9746c0c1.
[2025-03-20 10:55:10Z INFO JobDispatcher] job renew has been cancelled, stop renew job e379d84e-8adc-5fa2-994d-6a5c9746c0c1.
[2025-03-20 10:55:10Z INFO JobNotification] Entering JobCompleted Notification
[2025-03-20 10:55:10Z INFO JobNotification] Entering EndMonitor
[2025-03-20 10:55:10Z INFO MessageListener] Received job status event. JobState: Online
[2025-03-20 11:02:02Z INFO MessageListener] Message '9061654564951326191' received from session '99398efd-bd14-4c08-be58-f4c0b4d24fea'.
[2025-03-20 11:02:02Z INFO ConfigurationStore] HasCredentials()
[2025-03-20 11:02:02Z INFO ConfigurationStore] stored True
[2025-03-20 11:02:02Z INFO CredentialManager] GetCredentialProvider
[2025-03-20 11:02:02Z INFO CredentialManager] Creating type OAuth
[2025-03-20 11:02:02Z INFO CredentialManager] Creating credential type: OAuth
[2025-03-20 11:02:02Z INFO RSAFileKeyManager] Loading RSA key parameters from file /Users/binit/PycharmProjects/ML_AIT_A3/pythonProject/actions-runner/.credentials_rsaparams
[2025-03-20 11:02:02Z INFO RSAFileKeyManager] Loading RSA key parameters from file /Users/binit/PycharmProjects/ML_AIT_A3/pythonProject/actions-runner/.credentials_rsaparams
[2025-03-20 11:02:02Z INFO RSAFileKeyManager] Loading RSA key parameters from file /Users/binit/PycharmProjects/ML_AIT_A3/pythonProject/actions-runner/.credentials_rsaparams
[2025-03-20 11:02:03Z INFO GitHubActionsService] AAD Correlation ID for this token request: Unknown
[2025-03-20 11:02:05Z INFO JobDispatcher] Job request 0 for plan 75c0b96d-1f49-484e-8c07-f30f7ccb876c job 4a482af8-531d-5431-95d0-3eee4baaa8b8 received.
[2025-03-20 11:02:05Z INFO MessageListener] Received job status event. JobState: Busy
[2025-03-20 11:02:05Z INFO MessageListener] _getMessagesTokenSource is already disposed.
[2025-03-20 11:02:05Z INFO JobDispatcher] Job request e379d84e-8adc-5fa2-994d-6a5c9746c0c1 processed succeed.
[2025-03-20 11:02:05Z INFO Terminal] WRITE LINE: 2025-03-20 11:02:05Z: Running job: deploy
[2025-03-20 11:02:05Z INFO JobDispatcher] Start renew job request 0 for job 4a482af8-531d-5431-95d0-3eee4baaa8b8.
[2025-03-20 11:02:06Z INFO JobDispatcher] Successfully renew job 4a482af8-531d-5431-95d0-3eee4baaa8b8, job is valid till 20/3/2568 พ.ศ. 11:12:06
[2025-03-20 11:02:06Z INFO HostContext] Well known directory 'Bin': '/Users/binit/PycharmProjects/ML_AIT_A3/pythonProject/actions-runner/bin'
[2025-03-20 11:02:06Z INFO ProcessInvokerWrapper] Starting process:
[2025-03-20 11:02:06Z INFO ProcessInvokerWrapper]   File name: '/Users/binit/PycharmProjects/ML_AIT_A3/pythonProject/actions-runner/bin/Runner.Worker'
[2025-03-20 11:02:06Z INFO ProcessInvokerWrapper]   Arguments: 'spawnclient 150 153'
[2025-03-20 11:02:06Z INFO ProcessInvokerWrapper]   Working directory: '/Users/binit/PycharmProjects/ML_AIT_A3/pythonProject/actions-runner/bin'
[2025-03-20 11:02:06Z INFO ProcessInvokerWrapper]   Require exit code zero: 'False'
[2025-03-20 11:02:06Z INFO ProcessInvokerWrapper]   Encoding web name:  ; code page: ''
[2025-03-20 11:02:06Z INFO ProcessInvokerWrapper]   Force kill process on cancellation: 'True'
[2025-03-20 11:02:06Z INFO ProcessInvokerWrapper]   Redirected STDIN: 'False'
[2025-03-20 11:02:06Z INFO ProcessInvokerWrapper]   Persist current code page: 'False'
[2025-03-20 11:02:06Z INFO ProcessInvokerWrapper]   Keep redirected STDIN open: 'False'
[2025-03-20 11:02:06Z INFO ProcessInvokerWrapper]   High priority process: 'True'
[2025-03-20 11:02:06Z INFO ProcessInvokerWrapper] Process started with process id 49768, waiting for process exit.
[2025-03-20 11:02:06Z INFO JobDispatcher] Send job request message to worker for job 4a482af8-531d-5431-95d0-3eee4baaa8b8.
[2025-03-20 11:02:06Z INFO ProcessChannel] Sending message of length 18438, with hash 'e5f6e8a6497d8d5c13395a96bb5600ea997b44c35d140d586babac9d7831c656'
[2025-03-20 11:02:06Z INFO JobNotification] Entering JobStarted Notification
[2025-03-20 11:02:06Z INFO JobNotification] Entering StartMonitor
[2025-03-20 11:02:20Z INFO ProcessInvokerWrapper] STDOUT/STDERR stream read finished.
[2025-03-20 11:02:20Z INFO ProcessInvokerWrapper] STDOUT/STDERR stream read finished.
[2025-03-20 11:02:20Z INFO ProcessInvokerWrapper] Finished process 49768 with exit code 100, and elapsed time 00:00:14.4926252.
[2025-03-20 11:02:20Z INFO JobDispatcher] Worker finished for job 4a482af8-531d-5431-95d0-3eee4baaa8b8. Code: 100
[2025-03-20 11:02:20Z INFO JobDispatcher] finish job request for job 4a482af8-531d-5431-95d0-3eee4baaa8b8 with result: Succeeded
[2025-03-20 11:02:20Z INFO Terminal] WRITE LINE: 2025-03-20 11:02:20Z: Job deploy completed with result: Succeeded
[2025-03-20 11:02:20Z INFO JobDispatcher] Stop renew job request for job 4a482af8-531d-5431-95d0-3eee4baaa8b8.
[2025-03-20 11:02:20Z INFO JobDispatcher] job renew has been cancelled, stop renew job 4a482af8-531d-5431-95d0-3eee4baaa8b8.
[2025-03-20 11:02:20Z INFO JobNotification] Entering JobCompleted Notification
[2025-03-20 11:02:20Z INFO JobNotification] Entering EndMonitor
[2025-03-20 11:02:20Z INFO MessageListener] Received job status event. JobState: Online
[2025-03-20 11:13:05Z INFO RSAFileKeyManager] Loading RSA key parameters from file /Users/binit/PycharmProjects/ML_AIT_A3/pythonProject/actions-runner/.credentials_rsaparams
[2025-03-20 11:13:06Z INFO GitHubActionsService] AAD Correlation ID for this token request: Unknown
[2025-03-20 11:18:09Z INFO RSAFileKeyManager] Loading RSA key parameters from file /Users/binit/PycharmProjects/ML_AIT_A3/pythonProject/actions-runner/.credentials_rsaparams
[2025-03-20 11:18:10Z INFO GitHubActionsService] AAD Correlation ID for this token request: Unknown
[2025-03-20 11:32:31Z INFO MessageListener] No message retrieved from session '99398efd-bd14-4c08-be58-f4c0b4d24fea' within last 30 minutes.
