[2025-03-20 12:28:55Z INFO HostContext] No proxy settings were found based on environmental variables (http_proxy/https_proxy/HTTP_PROXY/HTTPS_PROXY)
[2025-03-20 12:28:55Z INFO HostContext] Well known directory 'Bin': '/Users/binit/PycharmProjects/ML_AIT_A3/pythonProject/actions-runner/bin'
[2025-03-20 12:28:55Z INFO HostContext] Well known directory 'Root': '/Users/binit/PycharmProjects/ML_AIT_A3/pythonProject/actions-runner'
[2025-03-20 12:28:55Z INFO HostContext] Well known config file 'Credentials': '/Users/binit/PycharmProjects/ML_AIT_A3/pythonProject/actions-runner/.credentials'
[2025-03-20 12:28:55Z INFO HostContext] Well known directory 'Bin': '/Users/binit/PycharmProjects/ML_AIT_A3/pythonProject/actions-runner/bin'
[2025-03-20 12:28:55Z INFO HostContext] Well known directory 'Root': '/Users/binit/PycharmProjects/ML_AIT_A3/pythonProject/actions-runner'
[2025-03-20 12:28:55Z INFO HostContext] Well known config file 'Runner': '/Users/binit/PycharmProjects/ML_AIT_A3/pythonProject/actions-runner/.runner'
[2025-03-20 12:28:56Z INFO Listener] Runner is built for OSX (Arm64) - osx-arm64.
[2025-03-20 12:28:56Z INFO Listener] RuntimeInformation: Darwin 24.3.0 Darwin Kernel Version 24.3.0: Thu Jan  2 20:24:23 PST 2025; root:xnu-11215.81.4~3/RELEASE_ARM64_T8122.
[2025-03-20 12:28:56Z INFO Listener] Version: 2.322.0
[2025-03-20 12:28:56Z INFO Listener] Commit: 0edc478ca75d0a753dcbcec7405f3f26db67b1ac
[2025-03-20 12:28:56Z INFO Listener] Culture: en-TH
[2025-03-20 12:28:56Z INFO Listener] UI Culture: en-TH
[2025-03-20 12:28:56Z INFO HostContext] Well known directory 'Bin': '/Users/binit/PycharmProjects/ML_AIT_A3/pythonProject/actions-runner/bin'
[2025-03-20 12:28:56Z INFO HostContext] Well known directory 'Root': '/Users/binit/PycharmProjects/ML_AIT_A3/pythonProject/actions-runner'
[2025-03-20 12:28:56Z INFO Listener] Validating directory permissions for: '/Users/binit/PycharmProjects/ML_AIT_A3/pythonProject/actions-runner'
[2025-03-20 12:28:56Z INFO CommandLineParser] Parse
[2025-03-20 12:28:56Z INFO CommandLineParser] Parsing 3 args
[2025-03-20 12:28:56Z INFO CommandLineParser] parsing argument
[2025-03-20 12:28:56Z INFO CommandLineParser] HasArgs: False
[2025-03-20 12:28:56Z INFO CommandLineParser] Adding Command: run
[2025-03-20 12:28:56Z INFO CommandLineParser] parsing argument
[2025-03-20 12:28:56Z INFO CommandLineParser] HasArgs: True
[2025-03-20 12:28:56Z INFO CommandLineParser] arg: startuptype
[2025-03-20 12:28:56Z INFO CommandLineParser] parsing argument
[2025-03-20 12:28:56Z INFO CommandLineParser] HasArgs: True
[2025-03-20 12:28:56Z INFO CommandLineParser] Adding option 'startuptype': 'service'
[2025-03-20 12:28:56Z INFO Listener] Arguments parsed
[2025-03-20 12:28:56Z INFO Runner] ExecuteCommand
[2025-03-20 12:28:56Z INFO ConfigurationStore] currentAssemblyLocation: /Users/binit/PycharmProjects/ML_AIT_A3/pythonProject/actions-runner/bin/Runner.Listener.dll
[2025-03-20 12:28:56Z INFO HostContext] Well known directory 'Bin': '/Users/binit/PycharmProjects/ML_AIT_A3/pythonProject/actions-runner/bin'
[2025-03-20 12:28:56Z INFO ConfigurationStore] binPath: /Users/binit/PycharmProjects/ML_AIT_A3/pythonProject/actions-runner/bin
[2025-03-20 12:28:56Z INFO HostContext] Well known directory 'Bin': '/Users/binit/PycharmProjects/ML_AIT_A3/pythonProject/actions-runner/bin'
[2025-03-20 12:28:56Z INFO HostContext] Well known directory 'Root': '/Users/binit/PycharmProjects/ML_AIT_A3/pythonProject/actions-runner'
[2025-03-20 12:28:56Z INFO ConfigurationStore] RootFolder: /Users/binit/PycharmProjects/ML_AIT_A3/pythonProject/actions-runner
[2025-03-20 12:28:56Z INFO HostContext] Well known directory 'Bin': '/Users/binit/PycharmProjects/ML_AIT_A3/pythonProject/actions-runner/bin'
[2025-03-20 12:28:56Z INFO HostContext] Well known directory 'Root': '/Users/binit/PycharmProjects/ML_AIT_A3/pythonProject/actions-runner'
[2025-03-20 12:28:56Z INFO HostContext] Well known config file 'Runner': '/Users/binit/PycharmProjects/ML_AIT_A3/pythonProject/actions-runner/.runner'
[2025-03-20 12:28:56Z INFO ConfigurationStore] ConfigFilePath: /Users/binit/PycharmProjects/ML_AIT_A3/pythonProject/actions-runner/.runner
[2025-03-20 12:28:56Z INFO HostContext] Well known directory 'Bin': '/Users/binit/PycharmProjects/ML_AIT_A3/pythonProject/actions-runner/bin'
[2025-03-20 12:28:56Z INFO HostContext] Well known directory 'Root': '/Users/binit/PycharmProjects/ML_AIT_A3/pythonProject/actions-runner'
[2025-03-20 12:28:56Z INFO HostContext] Well known config file 'Credentials': '/Users/binit/PycharmProjects/ML_AIT_A3/pythonProject/actions-runner/.credentials'
[2025-03-20 12:28:56Z INFO ConfigurationStore] CredFilePath: /Users/binit/PycharmProjects/ML_AIT_A3/pythonProject/actions-runner/.credentials
[2025-03-20 12:28:56Z INFO HostContext] Well known directory 'Bin': '/Users/binit/PycharmProjects/ML_AIT_A3/pythonProject/actions-runner/bin'
[2025-03-20 12:28:56Z INFO HostContext] Well known directory 'Root': '/Users/binit/PycharmProjects/ML_AIT_A3/pythonProject/actions-runner'
[2025-03-20 12:28:56Z INFO HostContext] Well known config file 'MigratedCredentials': '/Users/binit/PycharmProjects/ML_AIT_A3/pythonProject/actions-runner/.credentials_migrated'
[2025-03-20 12:28:56Z INFO ConfigurationStore] MigratedCredFilePath: /Users/binit/PycharmProjects/ML_AIT_A3/pythonProject/actions-runner/.credentials_migrated
[2025-03-20 12:28:56Z INFO HostContext] Well known directory 'Bin': '/Users/binit/PycharmProjects/ML_AIT_A3/pythonProject/actions-runner/bin'
[2025-03-20 12:28:56Z INFO HostContext] Well known directory 'Root': '/Users/binit/PycharmProjects/ML_AIT_A3/pythonProject/actions-runner'
[2025-03-20 12:28:56Z INFO HostContext] Well known config file 'Service': '/Users/binit/PycharmProjects/ML_AIT_A3/pythonProject/actions-runner/.service'
[2025-03-20 12:28:56Z INFO ConfigurationStore] ServiceConfigFilePath: /Users/binit/PycharmProjects/ML_AIT_A3/pythonProject/actions-runner/.service
[2025-03-20 12:28:56Z INFO CommandSettings] Flag 'help': 'False'
[2025-03-20 12:28:56Z INFO CommandSettings] Flag 'version': 'False'
[2025-03-20 12:28:56Z INFO CommandSettings] Flag 'commit': 'False'
[2025-03-20 12:28:56Z INFO CommandSettings] Flag 'check': 'False'
[2025-03-20 12:28:56Z INFO CommandSettings] Command 'configure': 'False'
[2025-03-20 12:28:56Z INFO CommandSettings] Command 'remove': 'False'
[2025-03-20 12:28:56Z INFO CommandSettings] Command 'warmup': 'False'
[2025-03-20 12:28:56Z INFO ConfigurationManager] LoadSettings
[2025-03-20 12:28:56Z INFO ConfigurationStore] IsConfigured()
[2025-03-20 12:28:56Z INFO ConfigurationStore] IsConfigured: True
[2025-03-20 12:28:56Z INFO ConfigurationManager] Is configured: True
[2025-03-20 12:28:56Z INFO ConfigurationStore] Read setting file: 304 chars
[2025-03-20 12:28:56Z INFO ConfigurationManager] Settings Loaded
[2025-03-20 12:28:56Z INFO ConfigurationStore] IsServiceConfigured()
[2025-03-20 12:28:56Z INFO ConfigurationStore] IsServiceConfigured: True
[2025-03-20 12:28:56Z INFO CommandSettings] Command 'run': 'True'
[2025-03-20 12:28:56Z INFO ConfigurationStore] IsConfigured()
[2025-03-20 12:28:56Z INFO ConfigurationStore] IsConfigured: True
[2025-03-20 12:28:56Z INFO ConfigurationManager] Is configured: True
[2025-03-20 12:28:56Z INFO Runner] Set runner startup type - Service
[2025-03-20 12:28:56Z INFO CommandSettings] Flag 'once': 'False'
[2025-03-20 12:28:56Z INFO CommandSettings] Flag 'once': 'False'
[2025-03-20 12:28:56Z INFO Runner] RunAsync
[2025-03-20 12:28:56Z INFO ConfigurationManager] LoadSettings
[2025-03-20 12:28:56Z INFO ConfigurationStore] IsConfigured()
[2025-03-20 12:28:56Z INFO ConfigurationStore] IsConfigured: True
[2025-03-20 12:28:56Z INFO ConfigurationManager] Is configured: True
[2025-03-20 12:28:56Z INFO ConfigurationManager] Settings Loaded
[2025-03-20 12:28:56Z INFO MessageListener] {
  "AgentId": 21,
  "AgentName": "binit",
  "PoolId": 1,
  "PoolName": "Default",
  "ServerUrl": "https://pipelinesghubeus6.actions.githubusercontent.com/A0sfKHF0Vohh0fp9oDQ25ZO2JVouMs5Pqg8hY492EOyJDqOSA2/",
  "GitHubUrl": "https://github.com/darth-binit/ML_AIT_A3",
  "WorkFolder": "ML_AIT_A3_runner"
}
[2025-03-20 12:28:56Z INFO MessageListener] Loading Credentials
[2025-03-20 12:28:56Z INFO ConfigurationStore] HasCredentials()
[2025-03-20 12:28:56Z INFO ConfigurationStore] stored True
[2025-03-20 12:28:56Z INFO CredentialManager] GetCredentialProvider
[2025-03-20 12:28:56Z INFO CredentialManager] Creating type OAuth
[2025-03-20 12:28:56Z INFO CredentialManager] Creating credential type: OAuth
[2025-03-20 12:28:56Z INFO HostContext] Well known directory 'Bin': '/Users/binit/PycharmProjects/ML_AIT_A3/pythonProject/actions-runner/bin'
[2025-03-20 12:28:56Z INFO HostContext] Well known directory 'Root': '/Users/binit/PycharmProjects/ML_AIT_A3/pythonProject/actions-runner'
[2025-03-20 12:28:56Z INFO HostContext] Well known config file 'RSACredentials': '/Users/binit/PycharmProjects/ML_AIT_A3/pythonProject/actions-runner/.credentials_rsaparams'
[2025-03-20 12:28:56Z INFO RSAFileKeyManager] Loading RSA key parameters from file /Users/binit/PycharmProjects/ML_AIT_A3/pythonProject/actions-runner/.credentials_rsaparams
[2025-03-20 12:28:56Z INFO MessageListener] Attempt to create session.
[2025-03-20 12:28:56Z INFO MessageListener] Connecting to the Runner Server...
[2025-03-20 12:28:56Z INFO RunnerServer] EstablishVssConnection
[2025-03-20 12:28:56Z INFO RunnerServer] Establish connection with 100 seconds timeout.
[2025-03-20 12:28:56Z INFO GitHubActionsService] Starting operation Location.GetConnectionData
[2025-03-20 12:28:56Z INFO RunnerServer] EstablishVssConnection
[2025-03-20 12:28:56Z INFO RunnerServer] Establish connection with 60 seconds timeout.
[2025-03-20 12:28:56Z INFO GitHubActionsService] Starting operation Location.GetConnectionData
[2025-03-20 12:28:56Z INFO RunnerServer] EstablishVssConnection
[2025-03-20 12:28:56Z INFO RunnerServer] Establish connection with 60 seconds timeout.
[2025-03-20 12:28:56Z INFO GitHubActionsService] Starting operation Location.GetConnectionData
[2025-03-20 12:28:57Z INFO GitHubActionsService] Finished operation Location.GetConnectionData
[2025-03-20 12:28:57Z INFO GitHubActionsService] Finished operation Location.GetConnectionData
[2025-03-20 12:28:57Z INFO GitHubActionsService] Finished operation Location.GetConnectionData
[2025-03-20 12:28:57Z INFO MessageListener] VssConnection created
[2025-03-20 12:28:57Z INFO Terminal] WRITE LINE: 
[2025-03-20 12:28:57Z INFO Terminal] WRITE LINE: 
[2025-03-20 12:28:57Z INFO RSAFileKeyManager] Loading RSA key parameters from file /Users/binit/PycharmProjects/ML_AIT_A3/pythonProject/actions-runner/.credentials_rsaparams
[2025-03-20 12:28:57Z INFO RSAFileKeyManager] Loading RSA key parameters from file /Users/binit/PycharmProjects/ML_AIT_A3/pythonProject/actions-runner/.credentials_rsaparams
[2025-03-20 12:28:59Z INFO GitHubActionsService] AAD Correlation ID for this token request: Unknown
[2025-03-20 12:28:59Z ERR  GitHubActionsService] POST request to https://pipelinesghubeus6.actions.githubusercontent.com/A0sfKHF0Vohh0fp9oDQ25ZO2JVouMs5Pqg8hY492EOyJDqOSA2/_apis/distributedtask/pools/1/sessions failed. HTTP Status: Conflict
[2025-03-20 12:28:59Z ERR  MessageListener] Catch exception during create session.
[2025-03-20 12:28:59Z ERR  MessageListener] GitHub.DistributedTask.WebApi.TaskAgentSessionConflictException: The actions runner binit already has an active session.
   at GitHub.Services.WebApi.VssHttpClientBase.HandleResponseAsync(HttpResponseMessage response, CancellationToken cancellationToken)
   at GitHub.Services.WebApi.VssHttpClientBase.SendAsync(HttpRequestMessage message, HttpCompletionOption completionOption, Object userState, CancellationToken cancellationToken)
   at GitHub.Services.WebApi.VssHttpClientBase.SendAsync[T](HttpRequestMessage message, Object userState, CancellationToken cancellationToken)
   at GitHub.Services.WebApi.VssHttpClientBase.SendAsync[T](HttpMethod method, IEnumerable`1 additionalHeaders, Guid locationId, Object routeValues, ApiResourceVersion version, HttpContent content, IEnumerable`1 queryParameters, Object userState, CancellationToken cancellationToken)
   at GitHub.Runner.Listener.MessageListener.CreateSessionAsync(CancellationToken token)
[2025-03-20 12:28:59Z INFO MessageListener] The session for this runner already exists.
[2025-03-20 12:28:59Z ERR  Terminal] WRITE ERROR: A session for this runner already exists.
[2025-03-20 12:28:59Z INFO MessageListener] The session conflict exception haven't reached retry limit.
[2025-03-20 12:28:59Z ERR  Terminal] WRITE ERROR: 2025-03-20 12:28:59Z: Runner connect error: The actions runner binit already has an active session.. Retrying until reconnected.
[2025-03-20 12:28:59Z INFO MessageListener] Sleeping for 30 seconds before retrying.
[2025-03-20 12:29:29Z INFO MessageListener] Attempt to create session.
[2025-03-20 12:29:29Z INFO MessageListener] Connecting to the Runner Server...
[2025-03-20 12:29:29Z INFO RunnerServer] EstablishVssConnection
[2025-03-20 12:29:29Z INFO RunnerServer] Establish connection with 100 seconds timeout.
[2025-03-20 12:29:29Z INFO GitHubActionsService] Starting operation Location.GetConnectionData
[2025-03-20 12:29:29Z INFO RunnerServer] EstablishVssConnection
[2025-03-20 12:29:29Z INFO RunnerServer] Establish connection with 60 seconds timeout.
[2025-03-20 12:29:29Z INFO GitHubActionsService] Starting operation Location.GetConnectionData
[2025-03-20 12:29:29Z INFO RunnerServer] EstablishVssConnection
[2025-03-20 12:29:29Z INFO RunnerServer] Establish connection with 60 seconds timeout.
[2025-03-20 12:29:29Z INFO GitHubActionsService] Starting operation Location.GetConnectionData
[2025-03-20 12:29:30Z INFO GitHubActionsService] Finished operation Location.GetConnectionData
[2025-03-20 12:29:30Z INFO GitHubActionsService] Finished operation Location.GetConnectionData
[2025-03-20 12:29:30Z INFO GitHubActionsService] Finished operation Location.GetConnectionData
[2025-03-20 12:29:30Z INFO MessageListener] VssConnection created
[2025-03-20 12:29:30Z INFO Terminal] WRITE LINE: 
[2025-03-20 12:29:30Z INFO Terminal] WRITE LINE: 
[2025-03-20 12:29:30Z ERR  GitHubActionsService] POST request to https://pipelinesghubeus6.actions.githubusercontent.com/A0sfKHF0Vohh0fp9oDQ25ZO2JVouMs5Pqg8hY492EOyJDqOSA2/_apis/distributedtask/pools/1/sessions failed. HTTP Status: Conflict
[2025-03-20 12:29:30Z ERR  MessageListener] Catch exception during create session.
[2025-03-20 12:29:30Z ERR  MessageListener] GitHub.DistributedTask.WebApi.TaskAgentSessionConflictException: The actions runner binit already has an active session.
   at GitHub.Services.WebApi.VssHttpClientBase.HandleResponseAsync(HttpResponseMessage response, CancellationToken cancellationToken)
   at GitHub.Services.WebApi.VssHttpClientBase.SendAsync(HttpRequestMessage message, HttpCompletionOption completionOption, Object userState, CancellationToken cancellationToken)
   at GitHub.Services.WebApi.VssHttpClientBase.SendAsync[T](HttpRequestMessage message, Object userState, CancellationToken cancellationToken)
   at GitHub.Services.WebApi.VssHttpClientBase.SendAsync[T](HttpMethod method, IEnumerable`1 additionalHeaders, Guid locationId, Object routeValues, ApiResourceVersion version, HttpContent content, IEnumerable`1 queryParameters, Object userState, CancellationToken cancellationToken)
   at GitHub.Runner.Listener.MessageListener.CreateSessionAsync(CancellationToken token)
[2025-03-20 12:29:30Z INFO MessageListener] The session for this runner already exists.
[2025-03-20 12:29:30Z ERR  Terminal] WRITE ERROR: A session for this runner already exists.
[2025-03-20 12:29:30Z INFO MessageListener] The session conflict exception haven't reached retry limit.
[2025-03-20 12:29:30Z INFO MessageListener] Sleeping for 30 seconds before retrying.
[2025-03-20 12:30:00Z INFO MessageListener] Attempt to create session.
[2025-03-20 12:30:00Z INFO MessageListener] Connecting to the Runner Server...
[2025-03-20 12:30:00Z INFO RunnerServer] EstablishVssConnection
[2025-03-20 12:30:00Z INFO RunnerServer] Establish connection with 100 seconds timeout.
[2025-03-20 12:30:00Z INFO GitHubActionsService] Starting operation Location.GetConnectionData
[2025-03-20 12:30:00Z INFO RunnerServer] EstablishVssConnection
[2025-03-20 12:30:00Z INFO RunnerServer] Establish connection with 60 seconds timeout.
[2025-03-20 12:30:01Z INFO GitHubActionsService] Starting operation Location.GetConnectionData
[2025-03-20 12:30:01Z INFO RunnerServer] EstablishVssConnection
[2025-03-20 12:30:01Z INFO RunnerServer] Establish connection with 60 seconds timeout.
[2025-03-20 12:30:01Z INFO GitHubActionsService] Starting operation Location.GetConnectionData
[2025-03-20 12:30:02Z INFO GitHubActionsService] Finished operation Location.GetConnectionData
[2025-03-20 12:30:02Z INFO GitHubActionsService] Finished operation Location.GetConnectionData
[2025-03-20 12:30:02Z INFO GitHubActionsService] Finished operation Location.GetConnectionData
[2025-03-20 12:30:02Z INFO MessageListener] VssConnection created
[2025-03-20 12:30:02Z INFO Terminal] WRITE LINE: 
[2025-03-20 12:30:02Z INFO Terminal] WRITE LINE: 
[2025-03-20 12:30:02Z ERR  GitHubActionsService] POST request to https://pipelinesghubeus6.actions.githubusercontent.com/A0sfKHF0Vohh0fp9oDQ25ZO2JVouMs5Pqg8hY492EOyJDqOSA2/_apis/distributedtask/pools/1/sessions failed. HTTP Status: Conflict
[2025-03-20 12:30:02Z ERR  MessageListener] Catch exception during create session.
[2025-03-20 12:30:02Z ERR  MessageListener] GitHub.DistributedTask.WebApi.TaskAgentSessionConflictException: The actions runner binit already has an active session.
   at GitHub.Services.WebApi.VssHttpClientBase.HandleResponseAsync(HttpResponseMessage response, CancellationToken cancellationToken)
   at GitHub.Services.WebApi.VssHttpClientBase.SendAsync(HttpRequestMessage message, HttpCompletionOption completionOption, Object userState, CancellationToken cancellationToken)
   at GitHub.Services.WebApi.VssHttpClientBase.SendAsync[T](HttpRequestMessage message, Object userState, CancellationToken cancellationToken)
   at GitHub.Services.WebApi.VssHttpClientBase.SendAsync[T](HttpMethod method, IEnumerable`1 additionalHeaders, Guid locationId, Object routeValues, ApiResourceVersion version, HttpContent content, IEnumerable`1 queryParameters, Object userState, CancellationToken cancellationToken)
   at GitHub.Runner.Listener.MessageListener.CreateSessionAsync(CancellationToken token)
[2025-03-20 12:30:02Z INFO MessageListener] The session for this runner already exists.
[2025-03-20 12:30:02Z ERR  Terminal] WRITE ERROR: A session for this runner already exists.
[2025-03-20 12:30:02Z INFO MessageListener] The session conflict exception haven't reached retry limit.
[2025-03-20 12:30:02Z INFO MessageListener] Sleeping for 30 seconds before retrying.
[2025-03-20 12:30:32Z INFO MessageListener] Attempt to create session.
[2025-03-20 12:30:32Z INFO MessageListener] Connecting to the Runner Server...
[2025-03-20 12:30:32Z INFO RunnerServer] EstablishVssConnection
[2025-03-20 12:30:32Z INFO RunnerServer] Establish connection with 100 seconds timeout.
[2025-03-20 12:30:32Z INFO GitHubActionsService] Starting operation Location.GetConnectionData
[2025-03-20 12:30:32Z INFO RunnerServer] EstablishVssConnection
[2025-03-20 12:30:32Z INFO RunnerServer] Establish connection with 60 seconds timeout.
[2025-03-20 12:30:32Z INFO GitHubActionsService] Starting operation Location.GetConnectionData
[2025-03-20 12:30:32Z INFO RunnerServer] EstablishVssConnection
[2025-03-20 12:30:32Z INFO RunnerServer] Establish connection with 60 seconds timeout.
[2025-03-20 12:30:32Z INFO GitHubActionsService] Starting operation Location.GetConnectionData
[2025-03-20 12:30:33Z INFO GitHubActionsService] Finished operation Location.GetConnectionData
[2025-03-20 12:30:33Z INFO GitHubActionsService] Finished operation Location.GetConnectionData
[2025-03-20 12:30:33Z INFO GitHubActionsService] Finished operation Location.GetConnectionData
[2025-03-20 12:30:33Z INFO MessageListener] VssConnection created
[2025-03-20 12:30:33Z INFO Terminal] WRITE LINE: 
[2025-03-20 12:30:33Z INFO Terminal] WRITE LINE: 
[2025-03-20 12:30:34Z ERR  GitHubActionsService] POST request to https://pipelinesghubeus6.actions.githubusercontent.com/A0sfKHF0Vohh0fp9oDQ25ZO2JVouMs5Pqg8hY492EOyJDqOSA2/_apis/distributedtask/pools/1/sessions failed. HTTP Status: Conflict
[2025-03-20 12:30:34Z ERR  MessageListener] Catch exception during create session.
[2025-03-20 12:30:34Z ERR  MessageListener] GitHub.DistributedTask.WebApi.TaskAgentSessionConflictException: The actions runner binit already has an active session.
   at GitHub.Services.WebApi.VssHttpClientBase.HandleResponseAsync(HttpResponseMessage response, CancellationToken cancellationToken)
   at GitHub.Services.WebApi.VssHttpClientBase.SendAsync(HttpRequestMessage message, HttpCompletionOption completionOption, Object userState, CancellationToken cancellationToken)
   at GitHub.Services.WebApi.VssHttpClientBase.SendAsync[T](HttpRequestMessage message, Object userState, CancellationToken cancellationToken)
   at GitHub.Services.WebApi.VssHttpClientBase.SendAsync[T](HttpMethod method, IEnumerable`1 additionalHeaders, Guid locationId, Object routeValues, ApiResourceVersion version, HttpContent content, IEnumerable`1 queryParameters, Object userState, CancellationToken cancellationToken)
   at GitHub.Runner.Listener.MessageListener.CreateSessionAsync(CancellationToken token)
[2025-03-20 12:30:34Z INFO MessageListener] The session for this runner already exists.
[2025-03-20 12:30:34Z ERR  Terminal] WRITE ERROR: A session for this runner already exists.
[2025-03-20 12:30:34Z INFO MessageListener] The session conflict exception haven't reached retry limit.
[2025-03-20 12:30:34Z INFO MessageListener] Sleeping for 30 seconds before retrying.
[2025-03-20 12:31:04Z INFO MessageListener] Attempt to create session.
[2025-03-20 12:31:04Z INFO MessageListener] Connecting to the Runner Server...
[2025-03-20 12:31:04Z INFO RunnerServer] EstablishVssConnection
[2025-03-20 12:31:04Z INFO RunnerServer] Establish connection with 100 seconds timeout.
[2025-03-20 12:31:04Z INFO GitHubActionsService] Starting operation Location.GetConnectionData
[2025-03-20 12:31:04Z INFO RunnerServer] EstablishVssConnection
[2025-03-20 12:31:04Z INFO RunnerServer] Establish connection with 60 seconds timeout.
[2025-03-20 12:31:04Z INFO GitHubActionsService] Starting operation Location.GetConnectionData
[2025-03-20 12:31:04Z INFO RunnerServer] EstablishVssConnection
[2025-03-20 12:31:04Z INFO RunnerServer] Establish connection with 60 seconds timeout.
[2025-03-20 12:31:04Z INFO GitHubActionsService] Starting operation Location.GetConnectionData
[2025-03-20 12:31:05Z INFO GitHubActionsService] Finished operation Location.GetConnectionData
[2025-03-20 12:31:05Z INFO GitHubActionsService] Finished operation Location.GetConnectionData
[2025-03-20 12:31:05Z INFO GitHubActionsService] Finished operation Location.GetConnectionData
[2025-03-20 12:31:05Z INFO MessageListener] VssConnection created
[2025-03-20 12:31:05Z INFO Terminal] WRITE LINE: 
[2025-03-20 12:31:05Z INFO Terminal] WRITE LINE: 
[2025-03-20 12:31:05Z ERR  GitHubActionsService] POST request to https://pipelinesghubeus6.actions.githubusercontent.com/A0sfKHF0Vohh0fp9oDQ25ZO2JVouMs5Pqg8hY492EOyJDqOSA2/_apis/distributedtask/pools/1/sessions failed. HTTP Status: Conflict
[2025-03-20 12:31:05Z ERR  MessageListener] Catch exception during create session.
[2025-03-20 12:31:05Z ERR  MessageListener] GitHub.DistributedTask.WebApi.TaskAgentSessionConflictException: The actions runner binit already has an active session.
   at GitHub.Services.WebApi.VssHttpClientBase.HandleResponseAsync(HttpResponseMessage response, CancellationToken cancellationToken)
   at GitHub.Services.WebApi.VssHttpClientBase.SendAsync(HttpRequestMessage message, HttpCompletionOption completionOption, Object userState, CancellationToken cancellationToken)
   at GitHub.Services.WebApi.VssHttpClientBase.SendAsync[T](HttpRequestMessage message, Object userState, CancellationToken cancellationToken)
   at GitHub.Services.WebApi.VssHttpClientBase.SendAsync[T](HttpMethod method, IEnumerable`1 additionalHeaders, Guid locationId, Object routeValues, ApiResourceVersion version, HttpContent content, IEnumerable`1 queryParameters, Object userState, CancellationToken cancellationToken)
   at GitHub.Runner.Listener.MessageListener.CreateSessionAsync(CancellationToken token)
[2025-03-20 12:31:05Z INFO MessageListener] The session for this runner already exists.
[2025-03-20 12:31:05Z ERR  Terminal] WRITE ERROR: A session for this runner already exists.
[2025-03-20 12:31:05Z INFO MessageListener] The session conflict exception haven't reached retry limit.
[2025-03-20 12:31:05Z INFO MessageListener] Sleeping for 30 seconds before retrying.
[2025-03-20 12:31:35Z INFO MessageListener] Attempt to create session.
[2025-03-20 12:31:35Z INFO MessageListener] Connecting to the Runner Server...
[2025-03-20 12:31:35Z INFO RunnerServer] EstablishVssConnection
[2025-03-20 12:31:35Z INFO RunnerServer] Establish connection with 100 seconds timeout.
[2025-03-20 12:31:35Z INFO GitHubActionsService] Starting operation Location.GetConnectionData
[2025-03-20 12:31:35Z INFO RunnerServer] EstablishVssConnection
[2025-03-20 12:31:35Z INFO RunnerServer] Establish connection with 60 seconds timeout.
[2025-03-20 12:31:35Z INFO GitHubActionsService] Starting operation Location.GetConnectionData
[2025-03-20 12:31:35Z INFO RunnerServer] EstablishVssConnection
[2025-03-20 12:31:35Z INFO RunnerServer] Establish connection with 60 seconds timeout.
[2025-03-20 12:31:35Z INFO GitHubActionsService] Starting operation Location.GetConnectionData
[2025-03-20 12:31:36Z INFO GitHubActionsService] Finished operation Location.GetConnectionData
[2025-03-20 12:31:36Z INFO GitHubActionsService] Finished operation Location.GetConnectionData
[2025-03-20 12:31:36Z INFO GitHubActionsService] Finished operation Location.GetConnectionData
[2025-03-20 12:31:36Z INFO MessageListener] VssConnection created
[2025-03-20 12:31:36Z INFO Terminal] WRITE LINE: 
[2025-03-20 12:31:36Z INFO Terminal] WRITE LINE: 
[2025-03-20 12:31:37Z ERR  GitHubActionsService] POST request to https://pipelinesghubeus6.actions.githubusercontent.com/A0sfKHF0Vohh0fp9oDQ25ZO2JVouMs5Pqg8hY492EOyJDqOSA2/_apis/distributedtask/pools/1/sessions failed. HTTP Status: Conflict
[2025-03-20 12:31:37Z ERR  MessageListener] Catch exception during create session.
[2025-03-20 12:31:37Z ERR  MessageListener] GitHub.DistributedTask.WebApi.TaskAgentSessionConflictException: The actions runner binit already has an active session.
   at GitHub.Services.WebApi.VssHttpClientBase.HandleResponseAsync(HttpResponseMessage response, CancellationToken cancellationToken)
   at GitHub.Services.WebApi.VssHttpClientBase.SendAsync(HttpRequestMessage message, HttpCompletionOption completionOption, Object userState, CancellationToken cancellationToken)
   at GitHub.Services.WebApi.VssHttpClientBase.SendAsync[T](HttpRequestMessage message, Object userState, CancellationToken cancellationToken)
   at GitHub.Services.WebApi.VssHttpClientBase.SendAsync[T](HttpMethod method, IEnumerable`1 additionalHeaders, Guid locationId, Object routeValues, ApiResourceVersion version, HttpContent content, IEnumerable`1 queryParameters, Object userState, CancellationToken cancellationToken)
   at GitHub.Runner.Listener.MessageListener.CreateSessionAsync(CancellationToken token)
[2025-03-20 12:31:37Z INFO MessageListener] The session for this runner already exists.
[2025-03-20 12:31:37Z ERR  Terminal] WRITE ERROR: A session for this runner already exists.
[2025-03-20 12:31:37Z INFO MessageListener] The session conflict exception haven't reached retry limit.
[2025-03-20 12:31:37Z INFO MessageListener] Sleeping for 30 seconds before retrying.
[2025-03-20 12:32:07Z INFO MessageListener] Attempt to create session.
[2025-03-20 12:32:07Z INFO MessageListener] Connecting to the Runner Server...
[2025-03-20 12:32:07Z INFO RunnerServer] EstablishVssConnection
[2025-03-20 12:32:07Z INFO RunnerServer] Establish connection with 100 seconds timeout.
[2025-03-20 12:32:07Z INFO GitHubActionsService] Starting operation Location.GetConnectionData
[2025-03-20 12:32:07Z INFO RunnerServer] EstablishVssConnection
[2025-03-20 12:32:07Z INFO RunnerServer] Establish connection with 60 seconds timeout.
[2025-03-20 12:32:07Z INFO GitHubActionsService] Starting operation Location.GetConnectionData
[2025-03-20 12:32:07Z INFO RunnerServer] EstablishVssConnection
[2025-03-20 12:32:07Z INFO RunnerServer] Establish connection with 60 seconds timeout.
[2025-03-20 12:32:07Z INFO GitHubActionsService] Starting operation Location.GetConnectionData
[2025-03-20 12:32:08Z INFO GitHubActionsService] Finished operation Location.GetConnectionData
[2025-03-20 12:32:08Z INFO GitHubActionsService] Finished operation Location.GetConnectionData
[2025-03-20 12:32:08Z INFO GitHubActionsService] Finished operation Location.GetConnectionData
[2025-03-20 12:32:08Z INFO MessageListener] VssConnection created
[2025-03-20 12:32:08Z INFO Terminal] WRITE LINE: 
[2025-03-20 12:32:08Z INFO Terminal] WRITE LINE: 
[2025-03-20 12:32:08Z ERR  GitHubActionsService] POST request to https://pipelinesghubeus6.actions.githubusercontent.com/A0sfKHF0Vohh0fp9oDQ25ZO2JVouMs5Pqg8hY492EOyJDqOSA2/_apis/distributedtask/pools/1/sessions failed. HTTP Status: Conflict
[2025-03-20 12:32:08Z ERR  MessageListener] Catch exception during create session.
[2025-03-20 12:32:08Z ERR  MessageListener] GitHub.DistributedTask.WebApi.TaskAgentSessionConflictException: The actions runner binit already has an active session.
   at GitHub.Services.WebApi.VssHttpClientBase.HandleResponseAsync(HttpResponseMessage response, CancellationToken cancellationToken)
   at GitHub.Services.WebApi.VssHttpClientBase.SendAsync(HttpRequestMessage message, HttpCompletionOption completionOption, Object userState, CancellationToken cancellationToken)
   at GitHub.Services.WebApi.VssHttpClientBase.SendAsync[T](HttpRequestMessage message, Object userState, CancellationToken cancellationToken)
   at GitHub.Services.WebApi.VssHttpClientBase.SendAsync[T](HttpMethod method, IEnumerable`1 additionalHeaders, Guid locationId, Object routeValues, ApiResourceVersion version, HttpContent content, IEnumerable`1 queryParameters, Object userState, CancellationToken cancellationToken)
   at GitHub.Runner.Listener.MessageListener.CreateSessionAsync(CancellationToken token)
[2025-03-20 12:32:08Z INFO MessageListener] The session for this runner already exists.
[2025-03-20 12:32:08Z ERR  Terminal] WRITE ERROR: A session for this runner already exists.
[2025-03-20 12:32:08Z INFO MessageListener] The session conflict exception haven't reached retry limit.
[2025-03-20 12:32:08Z INFO MessageListener] Sleeping for 30 seconds before retrying.
[2025-03-20 12:32:38Z INFO MessageListener] Attempt to create session.
[2025-03-20 12:32:38Z INFO MessageListener] Connecting to the Runner Server...
[2025-03-20 12:32:38Z INFO RunnerServer] EstablishVssConnection
[2025-03-20 12:32:38Z INFO RunnerServer] Establish connection with 100 seconds timeout.
[2025-03-20 12:32:38Z INFO GitHubActionsService] Starting operation Location.GetConnectionData
[2025-03-20 12:32:38Z INFO RunnerServer] EstablishVssConnection
[2025-03-20 12:32:38Z INFO RunnerServer] Establish connection with 60 seconds timeout.
[2025-03-20 12:32:38Z INFO GitHubActionsService] Starting operation Location.GetConnectionData
[2025-03-20 12:32:38Z INFO RunnerServer] EstablishVssConnection
[2025-03-20 12:32:38Z INFO RunnerServer] Establish connection with 60 seconds timeout.
[2025-03-20 12:32:38Z INFO GitHubActionsService] Starting operation Location.GetConnectionData
[2025-03-20 12:32:40Z INFO GitHubActionsService] Finished operation Location.GetConnectionData
[2025-03-20 12:32:40Z INFO GitHubActionsService] Finished operation Location.GetConnectionData
[2025-03-20 12:32:40Z INFO GitHubActionsService] Finished operation Location.GetConnectionData
[2025-03-20 12:32:40Z INFO MessageListener] VssConnection created
[2025-03-20 12:32:40Z INFO Terminal] WRITE LINE: 
[2025-03-20 12:32:40Z INFO Terminal] WRITE LINE: 
[2025-03-20 12:32:40Z ERR  GitHubActionsService] POST request to https://pipelinesghubeus6.actions.githubusercontent.com/A0sfKHF0Vohh0fp9oDQ25ZO2JVouMs5Pqg8hY492EOyJDqOSA2/_apis/distributedtask/pools/1/sessions failed. HTTP Status: Conflict
[2025-03-20 12:32:40Z ERR  MessageListener] Catch exception during create session.
[2025-03-20 12:32:40Z ERR  MessageListener] GitHub.DistributedTask.WebApi.TaskAgentSessionConflictException: The actions runner binit already has an active session.
   at GitHub.Services.WebApi.VssHttpClientBase.HandleResponseAsync(HttpResponseMessage response, CancellationToken cancellationToken)
   at GitHub.Services.WebApi.VssHttpClientBase.SendAsync(HttpRequestMessage message, HttpCompletionOption completionOption, Object userState, CancellationToken cancellationToken)
   at GitHub.Services.WebApi.VssHttpClientBase.SendAsync[T](HttpRequestMessage message, Object userState, CancellationToken cancellationToken)
   at GitHub.Services.WebApi.VssHttpClientBase.SendAsync[T](HttpMethod method, IEnumerable`1 additionalHeaders, Guid locationId, Object routeValues, ApiResourceVersion version, HttpContent content, IEnumerable`1 queryParameters, Object userState, CancellationToken cancellationToken)
   at GitHub.Runner.Listener.MessageListener.CreateSessionAsync(CancellationToken token)
[2025-03-20 12:32:40Z INFO MessageListener] The session for this runner already exists.
[2025-03-20 12:32:40Z ERR  Terminal] WRITE ERROR: A session for this runner already exists.
[2025-03-20 12:32:40Z INFO MessageListener] The session conflict exception have reached retry limit.
[2025-03-20 12:32:40Z ERR  Terminal] WRITE ERROR: Stop retry on SessionConflictException after retried for 240 seconds.
[2025-03-20 12:32:40Z ERR  Terminal] WRITE ERROR: Failed to create session. The actions runner binit already has an active session.
[2025-03-20 12:32:40Z INFO Listener] Runner execution has finished with return code 5
